==429508== Memcheck, a memory error detector
==429508== Copyright (C) 2002-2022, and GNU GPL'd, by Julian Seward et al.
==429508== Using Valgrind-3.19.0 and LibVEX; rerun with -h for copyright info
==429508== Command: ./nginx -c /usr/local/nginx/conf/nginx.conf
==429508== Parent PID: 386011
==429508== 
==429508== 
==429508== HEAP SUMMARY:
==429508==     in use at exit: 14,742,154 bytes in 142,288 blocks
==429508==   total heap usage: 1,944,256 allocs, 1,801,968 frees, 1,215,187,419 bytes allocated
==429508== 
==429508== 4 bytes in 2 blocks are possibly lost in loss record 1 of 104
==429508==    at 0x4C37135: malloc (vg_replace_malloc.c:381)
==429508==    by 0x5C36EDF: ASN1_STRING_set (in /usr/lib64/libcrypto.so.1.1.1k)
==429508==    by 0x5C2F000: ??? (in /usr/lib64/libcrypto.so.1.1.1k)
==429508==    by 0x5C3EC03: ??? (in /usr/lib64/libcrypto.so.1.1.1k)
==429508==    by 0x5C3F858: ??? (in /usr/lib64/libcrypto.so.1.1.1k)
==429508==    by 0x5C3FD40: ??? (in /usr/lib64/libcrypto.so.1.1.1k)
==429508==    by 0x5C3FF44: ??? (in /usr/lib64/libcrypto.so.1.1.1k)
==429508==    by 0x5C3F651: ??? (in /usr/lib64/libcrypto.so.1.1.1k)
==429508==    by 0x5C3FD40: ??? (in /usr/lib64/libcrypto.so.1.1.1k)
==429508==    by 0x5C3FFD8: ??? (in /usr/lib64/libcrypto.so.1.1.1k)
==429508==    by 0x5C3F651: ??? (in /usr/lib64/libcrypto.so.1.1.1k)
==429508==    by 0x5C400E0: ASN1_item_ex_d2i (in /usr/lib64/libcrypto.so.1.1.1k)
==429508== 
==429508== 8 bytes in 1 blocks are definitely lost in loss record 2 of 104
==429508==    at 0x4C37135: malloc (vg_replace_malloc.c:381)
==429508==    by 0x435D2B: ngx_alloc (ngx_alloc.c:22)
==429508==    by 0x414AF6: ngx_set_environment (nginx.c:581)
==429508==    by 0x43B032: ngx_single_process_cycle (ngx_process_cycle.c:299)
==429508==    by 0x4145EE: main (nginx.c:379)
==429508== 
==429508== 16 bytes in 1 blocks are possibly lost in loss record 3 of 104
==429508==    at 0x4C37135: malloc (vg_replace_malloc.c:381)
==429508==    by 0x5D2C90C: CRYPTO_zalloc (in /usr/lib64/libcrypto.so.1.1.1k)
==429508==    by 0x5C41AA8: ??? (in /usr/lib64/libcrypto.so.1.1.1k)
==429508==    by 0x5C419C7: ??? (in /usr/lib64/libcrypto.so.1.1.1k)
==429508==    by 0x5C41C0B: ??? (in /usr/lib64/libcrypto.so.1.1.1k)
==429508==    by 0x5C419C7: ??? (in /usr/lib64/libcrypto.so.1.1.1k)
==429508==    by 0x5C41C0B: ??? (in /usr/lib64/libcrypto.so.1.1.1k)
==429508==    by 0x5C419C7: ??? (in /usr/lib64/libcrypto.so.1.1.1k)
==429508==    by 0x5C41C0B: ??? (in /usr/lib64/libcrypto.so.1.1.1k)
==429508==    by 0x5C3F55A: ??? (in /usr/lib64/libcrypto.so.1.1.1k)
==429508==    by 0x5C400E0: ASN1_item_ex_d2i (in /usr/lib64/libcrypto.so.1.1.1k)
==429508==    by 0x5C4015E: ASN1_item_d2i (in /usr/lib64/libcrypto.so.1.1.1k)
==429508== 
==429508== 20 bytes in 1 blocks are still reachable in loss record 4 of 104
==429508==    at 0x4C37135: malloc (vg_replace_malloc.c:381)
==429508==    by 0x5C36EDF: ASN1_STRING_set (in /usr/lib64/libcrypto.so.1.1.1k)
==429508==    by 0x5C3ED9F: ??? (in /usr/lib64/libcrypto.so.1.1.1k)
==429508==    by 0x5C3F858: ??? (in /usr/lib64/libcrypto.so.1.1.1k)
==429508==    by 0x5C3FD40: ??? (in /usr/lib64/libcrypto.so.1.1.1k)
==429508==    by 0x5C3FFD8: ??? (in /usr/lib64/libcrypto.so.1.1.1k)
==429508==    by 0x5C3F651: ??? (in /usr/lib64/libcrypto.so.1.1.1k)
==429508==    by 0x5C3FC02: ??? (in /usr/lib64/libcrypto.so.1.1.1k)
==429508==    by 0x5C3FFD8: ??? (in /usr/lib64/libcrypto.so.1.1.1k)
==429508==    by 0x5C3F186: ??? (in /usr/lib64/libcrypto.so.1.1.1k)
==429508==    by 0x5C3FC02: ??? (in /usr/lib64/libcrypto.so.1.1.1k)
==429508==    by 0x5C3FFD8: ??? (in /usr/lib64/libcrypto.so.1.1.1k)
==429508== 
==429508== 21 bytes in 1 blocks are possibly lost in loss record 5 of 104
==429508==    at 0x4C37135: malloc (vg_replace_malloc.c:381)
==429508==    by 0x5C36EDF: ASN1_STRING_set (in /usr/lib64/libcrypto.so.1.1.1k)
==429508==    by 0x5C2EF7D: ??? (in /usr/lib64/libcrypto.so.1.1.1k)
==429508==    by 0x5C3EC03: ??? (in /usr/lib64/libcrypto.so.1.1.1k)
==429508==    by 0x5C3F858: ??? (in /usr/lib64/libcrypto.so.1.1.1k)
==429508==    by 0x5C3FD40: ??? (in /usr/lib64/libcrypto.so.1.1.1k)
==429508==    by 0x5C3FFD8: ??? (in /usr/lib64/libcrypto.so.1.1.1k)
==429508==    by 0x5C3F651: ??? (in /usr/lib64/libcrypto.so.1.1.1k)
==429508==    by 0x5C3FD40: ??? (in /usr/lib64/libcrypto.so.1.1.1k)
==429508==    by 0x5C3FFD8: ??? (in /usr/lib64/libcrypto.so.1.1.1k)
==429508==    by 0x5C3F651: ??? (in /usr/lib64/libcrypto.so.1.1.1k)
==429508==    by 0x5C400E0: ASN1_item_ex_d2i (in /usr/lib64/libcrypto.so.1.1.1k)
==429508== 
==429508== 21 bytes in 1 blocks are possibly lost in loss record 6 of 104
==429508==    at 0x4C37135: malloc (vg_replace_malloc.c:381)
==429508==    by 0x5C36EDF: ASN1_STRING_set (in /usr/lib64/libcrypto.so.1.1.1k)
==429508==    by 0x5C3ED9F: ??? (in /usr/lib64/libcrypto.so.1.1.1k)
==429508==    by 0x5C3F858: ??? (in /usr/lib64/libcrypto.so.1.1.1k)
==429508==    by 0x5C3FCE0: ??? (in /usr/lib64/libcrypto.so.1.1.1k)
==429508==    by 0x5C3FFD8: ??? (in /usr/lib64/libcrypto.so.1.1.1k)
==429508==    by 0x5C3F651: ??? (in /usr/lib64/libcrypto.so.1.1.1k)
==429508==    by 0x5C400E0: ASN1_item_ex_d2i (in /usr/lib64/libcrypto.so.1.1.1k)
==429508==    by 0x5C4015E: ASN1_item_d2i (in /usr/lib64/libcrypto.so.1.1.1k)
==429508==    by 0x5DBAE04: X509V3_EXT_d2i (in /usr/lib64/libcrypto.so.1.1.1k)
==429508==    by 0x5DBE5D1: ??? (in /usr/lib64/libcrypto.so.1.1.1k)
==429508==    by 0x5DBEAD4: X509_check_purpose (in /usr/lib64/libcrypto.so.1.1.1k)
==429508== 
==429508== 21 bytes in 1 blocks are possibly lost in loss record 7 of 104
==429508==    at 0x4C37135: malloc (vg_replace_malloc.c:381)
==429508==    by 0x5C36EDF: ASN1_STRING_set (in /usr/lib64/libcrypto.so.1.1.1k)
==429508==    by 0x5C3ED9F: ??? (in /usr/lib64/libcrypto.so.1.1.1k)
==429508==    by 0x5C3F858: ??? (in /usr/lib64/libcrypto.so.1.1.1k)
==429508==    by 0x5C400E0: ASN1_item_ex_d2i (in /usr/lib64/libcrypto.so.1.1.1k)
==429508==    by 0x5C4015E: ASN1_item_d2i (in /usr/lib64/libcrypto.so.1.1.1k)
==429508==    by 0x5DBAE04: X509V3_EXT_d2i (in /usr/lib64/libcrypto.so.1.1.1k)
==429508==    by 0x5DBE5AF: ??? (in /usr/lib64/libcrypto.so.1.1.1k)
==429508==    by 0x5DBEAD4: X509_check_purpose (in /usr/lib64/libcrypto.so.1.1.1k)
==429508==    by 0x5DA512F: ??? (in /usr/lib64/libcrypto.so.1.1.1k)
==429508==    by 0x5DA69EC: ??? (in /usr/lib64/libcrypto.so.1.1.1k)
==429508==    by 0x5DA7F0F: X509_verify_cert (in /usr/lib64/libcrypto.so.1.1.1k)
==429508== 
==429508== 24 bytes in 1 blocks are still reachable in loss record 8 of 104
==429508==    at 0x4C37135: malloc (vg_replace_malloc.c:381)
==429508==    by 0x5D2C90C: CRYPTO_zalloc (in /usr/lib64/libcrypto.so.1.1.1k)
==429508==    by 0x5C41AA8: ??? (in /usr/lib64/libcrypto.so.1.1.1k)
==429508==    by 0x5C3F55A: ??? (in /usr/lib64/libcrypto.so.1.1.1k)
==429508==    by 0x5C3FC02: ??? (in /usr/lib64/libcrypto.so.1.1.1k)
==429508==    by 0x5C3FFD8: ??? (in /usr/lib64/libcrypto.so.1.1.1k)
==429508==    by 0x5C3F186: ??? (in /usr/lib64/libcrypto.so.1.1.1k)
==429508==    by 0x5C3FC02: ??? (in /usr/lib64/libcrypto.so.1.1.1k)
==429508==    by 0x5C3FFD8: ??? (in /usr/lib64/libcrypto.so.1.1.1k)
==429508==    by 0x5C3F186: ??? (in /usr/lib64/libcrypto.so.1.1.1k)
==429508==    by 0x5C400E0: ASN1_item_ex_d2i (in /usr/lib64/libcrypto.so.1.1.1k)
==429508==    by 0x5DAD41F: ??? (in /usr/lib64/libcrypto.so.1.1.1k)
==429508== 
==429508== 24 bytes in 1 blocks are still reachable in loss record 9 of 104
==429508==    at 0x4C37135: malloc (vg_replace_malloc.c:381)
==429508==    by 0x5D2C90C: CRYPTO_zalloc (in /usr/lib64/libcrypto.so.1.1.1k)
==429508==    by 0x5C37030: ASN1_STRING_type_new (in /usr/lib64/libcrypto.so.1.1.1k)
==429508==    by 0x5C417A1: ??? (in /usr/lib64/libcrypto.so.1.1.1k)
==429508==    by 0x5C41A7C: ??? (in /usr/lib64/libcrypto.so.1.1.1k)
==429508==    by 0x5C419C7: ??? (in /usr/lib64/libcrypto.so.1.1.1k)
==429508==    by 0x5C41C0B: ??? (in /usr/lib64/libcrypto.so.1.1.1k)
==429508==    by 0x5C3F55A: ??? (in /usr/lib64/libcrypto.so.1.1.1k)
==429508==    by 0x5C3FC02: ??? (in /usr/lib64/libcrypto.so.1.1.1k)
==429508==    by 0x5C3FFD8: ??? (in /usr/lib64/libcrypto.so.1.1.1k)
==429508==    by 0x5C3F186: ??? (in /usr/lib64/libcrypto.so.1.1.1k)
==429508==    by 0x5C3FC02: ??? (in /usr/lib64/libcrypto.so.1.1.1k)
==429508== 
==429508== 24 bytes in 1 blocks are possibly lost in loss record 10 of 104
==429508==    at 0x4C37135: malloc (vg_replace_malloc.c:381)
==429508==    by 0x5D2C90C: CRYPTO_zalloc (in /usr/lib64/libcrypto.so.1.1.1k)
==429508==    by 0x5C37030: ASN1_STRING_type_new (in /usr/lib64/libcrypto.so.1.1.1k)
==429508==    by 0x5C3EEF6: ??? (in /usr/lib64/libcrypto.so.1.1.1k)
==429508==    by 0x5C3F858: ??? (in /usr/lib64/libcrypto.so.1.1.1k)
==429508==    by 0x5C3FCE0: ??? (in /usr/lib64/libcrypto.so.1.1.1k)
==429508==    by 0x5C3FFD8: ??? (in /usr/lib64/libcrypto.so.1.1.1k)
==429508==    by 0x5C3F651: ??? (in /usr/lib64/libcrypto.so.1.1.1k)
==429508==    by 0x5C400E0: ASN1_item_ex_d2i (in /usr/lib64/libcrypto.so.1.1.1k)
==429508==    by 0x5C4015E: ASN1_item_d2i (in /usr/lib64/libcrypto.so.1.1.1k)
==429508==    by 0x5DBAE04: X509V3_EXT_d2i (in /usr/lib64/libcrypto.so.1.1.1k)
==429508==    by 0x5DBE5D1: ??? (in /usr/lib64/libcrypto.so.1.1.1k)
==429508== 
==429508== 24 bytes in 1 blocks are possibly lost in loss record 11 of 104
==429508==    at 0x4C37135: malloc (vg_replace_malloc.c:381)
==429508==    by 0x5D2C90C: CRYPTO_zalloc (in /usr/lib64/libcrypto.so.1.1.1k)
==429508==    by 0x5C41AA8: ??? (in /usr/lib64/libcrypto.so.1.1.1k)
==429508==    by 0x5C419C7: ??? (in /usr/lib64/libcrypto.so.1.1.1k)
==429508==    by 0x5C41C0B: ??? (in /usr/lib64/libcrypto.so.1.1.1k)
==429508==    by 0x5C419C7: ??? (in /usr/lib64/libcrypto.so.1.1.1k)
==429508==    by 0x5C41C0B: ??? (in /usr/lib64/libcrypto.so.1.1.1k)
==429508==    by 0x5C3F55A: ??? (in /usr/lib64/libcrypto.so.1.1.1k)
==429508==    by 0x5C400E0: ASN1_item_ex_d2i (in /usr/lib64/libcrypto.so.1.1.1k)
==429508==    by 0x5C4015E: ASN1_item_d2i (in /usr/lib64/libcrypto.so.1.1.1k)
==429508==    by 0x59614FB: ??? (in /usr/lib64/libssl.so.1.1.1k)
==429508==    by 0x5963E74: ??? (in /usr/lib64/libssl.so.1.1.1k)
==429508== 
==429508== 24 bytes in 1 blocks are possibly lost in loss record 12 of 104
==429508==    at 0x4C37135: malloc (vg_replace_malloc.c:381)
==429508==    by 0x5D2C90C: CRYPTO_zalloc (in /usr/lib64/libcrypto.so.1.1.1k)
==429508==    by 0x5C37030: ASN1_STRING_type_new (in /usr/lib64/libcrypto.so.1.1.1k)
==429508==    by 0x5C3EEF6: ??? (in /usr/lib64/libcrypto.so.1.1.1k)
==429508==    by 0x5C3F858: ??? (in /usr/lib64/libcrypto.so.1.1.1k)
==429508==    by 0x5C400E0: ASN1_item_ex_d2i (in /usr/lib64/libcrypto.so.1.1.1k)
==429508==    by 0x5C4015E: ASN1_item_d2i (in /usr/lib64/libcrypto.so.1.1.1k)
==429508==    by 0x5DBAE04: X509V3_EXT_d2i (in /usr/lib64/libcrypto.so.1.1.1k)
==429508==    by 0x5DBE5AF: ??? (in /usr/lib64/libcrypto.so.1.1.1k)
==429508==    by 0x5DBEAD4: X509_check_purpose (in /usr/lib64/libcrypto.so.1.1.1k)
==429508==    by 0x5DA512F: ??? (in /usr/lib64/libcrypto.so.1.1.1k)
==429508==    by 0x5DA69EC: ??? (in /usr/lib64/libcrypto.so.1.1.1k)
==429508== 
==429508== 24 bytes in 1 blocks are possibly lost in loss record 13 of 104
==429508==    at 0x4C37135: malloc (vg_replace_malloc.c:381)
==429508==    by 0x5D2C90C: CRYPTO_zalloc (in /usr/lib64/libcrypto.so.1.1.1k)
==429508==    by 0x5C41AA8: ??? (in /usr/lib64/libcrypto.so.1.1.1k)
==429508==    by 0x5C3F55A: ??? (in /usr/lib64/libcrypto.so.1.1.1k)
==429508==    by 0x5C400E0: ASN1_item_ex_d2i (in /usr/lib64/libcrypto.so.1.1.1k)
==429508==    by 0x5C4015E: ASN1_item_d2i (in /usr/lib64/libcrypto.so.1.1.1k)
==429508==    by 0x5DBAE04: X509V3_EXT_d2i (in /usr/lib64/libcrypto.so.1.1.1k)
==429508==    by 0x5DBE5D1: ??? (in /usr/lib64/libcrypto.so.1.1.1k)
==429508==    by 0x5DBEAD4: X509_check_purpose (in /usr/lib64/libcrypto.so.1.1.1k)
==429508==    by 0x5DA512F: ??? (in /usr/lib64/libcrypto.so.1.1.1k)
==429508==    by 0x5DA69EC: ??? (in /usr/lib64/libcrypto.so.1.1.1k)
==429508==    by 0x5DA7F0F: X509_verify_cert (in /usr/lib64/libcrypto.so.1.1.1k)
==429508== 
==429508== 28 bytes in 2 blocks are possibly lost in loss record 14 of 104
==429508==    at 0x4C37135: malloc (vg_replace_malloc.c:381)
==429508==    by 0x5C36EDF: ASN1_STRING_set (in /usr/lib64/libcrypto.so.1.1.1k)
==429508==    by 0x5C3ED9F: ??? (in /usr/lib64/libcrypto.so.1.1.1k)
==429508==    by 0x5C3F858: ??? (in /usr/lib64/libcrypto.so.1.1.1k)
==429508==    by 0x5C3FD40: ??? (in /usr/lib64/libcrypto.so.1.1.1k)
==429508==    by 0x5C3FFD8: ??? (in /usr/lib64/libcrypto.so.1.1.1k)
==429508==    by 0x5C3F651: ??? (in /usr/lib64/libcrypto.so.1.1.1k)
==429508==    by 0x5C3FD40: ??? (in /usr/lib64/libcrypto.so.1.1.1k)
==429508==    by 0x5C3FFD8: ??? (in /usr/lib64/libcrypto.so.1.1.1k)
==429508==    by 0x5C3F651: ??? (in /usr/lib64/libcrypto.so.1.1.1k)
==429508==    by 0x5C3FD40: ??? (in /usr/lib64/libcrypto.so.1.1.1k)
==429508==    by 0x5C3FFD8: ??? (in /usr/lib64/libcrypto.so.1.1.1k)
==429508== 
==429508== 32 bytes in 1 blocks are still reachable in loss record 15 of 104
==429508==    at 0x4C37135: malloc (vg_replace_malloc.c:381)
==429508==    by 0x435D2B: ngx_alloc (ngx_alloc.c:22)
==429508==    by 0x414749: ngx_save_argv (nginx.c:885)
==429508==    by 0x414749: main (nginx.c:257)
==429508== 
==429508== 32 bytes in 1 blocks are possibly lost in loss record 16 of 104
==429508==    at 0x4C37135: malloc (vg_replace_malloc.c:381)
==429508==    by 0x5D2C90C: CRYPTO_zalloc (in /usr/lib64/libcrypto.so.1.1.1k)
==429508==    by 0x5D8DBE7: ??? (in /usr/lib64/libcrypto.so.1.1.1k)
==429508==    by 0x5D8DDCF: OPENSSL_sk_insert (in /usr/lib64/libcrypto.so.1.1.1k)
==429508==    by 0x5C3FC26: ??? (in /usr/lib64/libcrypto.so.1.1.1k)
==429508==    by 0x5C3FF44: ??? (in /usr/lib64/libcrypto.so.1.1.1k)
==429508==    by 0x5C3F651: ??? (in /usr/lib64/libcrypto.so.1.1.1k)
==429508==    by 0x5C3FD40: ??? (in /usr/lib64/libcrypto.so.1.1.1k)
==429508==    by 0x5C3FFD8: ??? (in /usr/lib64/libcrypto.so.1.1.1k)
==429508==    by 0x5C3F651: ??? (in /usr/lib64/libcrypto.so.1.1.1k)
==429508==    by 0x5C400E0: ASN1_item_ex_d2i (in /usr/lib64/libcrypto.so.1.1.1k)
==429508==    by 0x5C4015E: ASN1_item_d2i (in /usr/lib64/libcrypto.so.1.1.1k)
==429508== 
==429508== 32 bytes in 1 blocks are possibly lost in loss record 17 of 104
==429508==    at 0x4C37135: malloc (vg_replace_malloc.c:381)
==429508==    by 0x5D2C90C: CRYPTO_zalloc (in /usr/lib64/libcrypto.so.1.1.1k)
==429508==    by 0x5D8E392: OPENSSL_sk_new_reserve (in /usr/lib64/libcrypto.so.1.1.1k)
==429508==    by 0x5C3FDB4: ??? (in /usr/lib64/libcrypto.so.1.1.1k)
==429508==    by 0x5C3FF44: ??? (in /usr/lib64/libcrypto.so.1.1.1k)
==429508==    by 0x5C3F651: ??? (in /usr/lib64/libcrypto.so.1.1.1k)
==429508==    by 0x5C3FD40: ??? (in /usr/lib64/libcrypto.so.1.1.1k)
==429508==    by 0x5C3FFD8: ??? (in /usr/lib64/libcrypto.so.1.1.1k)
==429508==    by 0x5C3F651: ??? (in /usr/lib64/libcrypto.so.1.1.1k)
==429508==    by 0x5C400E0: ASN1_item_ex_d2i (in /usr/lib64/libcrypto.so.1.1.1k)
==429508==    by 0x5C4015E: ASN1_item_d2i (in /usr/lib64/libcrypto.so.1.1.1k)
==429508==    by 0x59614FB: ??? (in /usr/lib64/libssl.so.1.1.1k)
==429508== 
==429508== 44 bytes in 3 blocks are still reachable in loss record 18 of 104
==429508==    at 0x4C37135: malloc (vg_replace_malloc.c:381)
==429508==    by 0x435D2B: ngx_alloc (ngx_alloc.c:22)
==429508==    by 0x41478E: ngx_save_argv (nginx.c:893)
==429508==    by 0x41478E: main (nginx.c:257)
==429508== 
==429508== 48 bytes in 2 blocks are possibly lost in loss record 19 of 104
==429508==    at 0x4C37135: malloc (vg_replace_malloc.c:381)
==429508==    by 0x5D2C90C: CRYPTO_zalloc (in /usr/lib64/libcrypto.so.1.1.1k)
==429508==    by 0x5C37030: ASN1_STRING_type_new (in /usr/lib64/libcrypto.so.1.1.1k)
==429508==    by 0x5C2EFE4: ??? (in /usr/lib64/libcrypto.so.1.1.1k)
==429508==    by 0x5C3EC03: ??? (in /usr/lib64/libcrypto.so.1.1.1k)
==429508==    by 0x5C3F858: ??? (in /usr/lib64/libcrypto.so.1.1.1k)
==429508==    by 0x5C3FD40: ??? (in /usr/lib64/libcrypto.so.1.1.1k)
==429508==    by 0x5C3FF44: ??? (in /usr/lib64/libcrypto.so.1.1.1k)
==429508==    by 0x5C3F651: ??? (in /usr/lib64/libcrypto.so.1.1.1k)
==429508==    by 0x5C3FD40: ??? (in /usr/lib64/libcrypto.so.1.1.1k)
==429508==    by 0x5C3FFD8: ??? (in /usr/lib64/libcrypto.so.1.1.1k)
==429508==    by 0x5C3F651: ??? (in /usr/lib64/libcrypto.so.1.1.1k)
==429508== 
==429508== 48 bytes in 2 blocks are possibly lost in loss record 20 of 104
==429508==    at 0x4C37135: malloc (vg_replace_malloc.c:381)
==429508==    by 0x5D2C90C: CRYPTO_zalloc (in /usr/lib64/libcrypto.so.1.1.1k)
==429508==    by 0x5C5E23D: BN_new (in /usr/lib64/libcrypto.so.1.1.1k)
==429508==    by 0x5C438BC: ??? (in /usr/lib64/libcrypto.so.1.1.1k)
==429508==    by 0x5C3E8D5: ??? (in /usr/lib64/libcrypto.so.1.1.1k)
==429508==    by 0x5C3F858: ??? (in /usr/lib64/libcrypto.so.1.1.1k)
==429508==    by 0x5C3FD40: ??? (in /usr/lib64/libcrypto.so.1.1.1k)
==429508==    by 0x5C3FFD8: ??? (in /usr/lib64/libcrypto.so.1.1.1k)
==429508==    by 0x5C3F651: ??? (in /usr/lib64/libcrypto.so.1.1.1k)
==429508==    by 0x5C400E0: ASN1_item_ex_d2i (in /usr/lib64/libcrypto.so.1.1.1k)
==429508==    by 0x5C4015E: ASN1_item_d2i (in /usr/lib64/libcrypto.so.1.1.1k)
==429508==    by 0x5D5B21E: ??? (in /usr/lib64/libcrypto.so.1.1.1k)
==429508== 
==429508== 48 bytes in 3 blocks are possibly lost in loss record 21 of 104
==429508==    at 0x4C37135: malloc (vg_replace_malloc.c:381)
==429508==    by 0x5C41862: ??? (in /usr/lib64/libcrypto.so.1.1.1k)
==429508==    by 0x5C41A7C: ??? (in /usr/lib64/libcrypto.so.1.1.1k)
==429508==    by 0x5C41D7A: ASN1_item_new (in /usr/lib64/libcrypto.so.1.1.1k)
==429508==    by 0x5C3EDFC: ??? (in /usr/lib64/libcrypto.so.1.1.1k)
==429508==    by 0x5C3F858: ??? (in /usr/lib64/libcrypto.so.1.1.1k)
==429508==    by 0x5C3FD40: ??? (in /usr/lib64/libcrypto.so.1.1.1k)
==429508==    by 0x5C3FFD8: ??? (in /usr/lib64/libcrypto.so.1.1.1k)
==429508==    by 0x5C3F651: ??? (in /usr/lib64/libcrypto.so.1.1.1k)
==429508==    by 0x5C3FD40: ??? (in /usr/lib64/libcrypto.so.1.1.1k)
==429508==    by 0x5C3FFD8: ??? (in /usr/lib64/libcrypto.so.1.1.1k)
==429508==    by 0x5C3F651: ??? (in /usr/lib64/libcrypto.so.1.1.1k)
==429508== 
==429508== 54 bytes in 3 blocks are possibly lost in loss record 22 of 104
==429508==    at 0x4C37135: malloc (vg_replace_malloc.c:381)
==429508==    by 0x5C36EDF: ASN1_STRING_set (in /usr/lib64/libcrypto.so.1.1.1k)
==429508==    by 0x5C3ED9F: ??? (in /usr/lib64/libcrypto.so.1.1.1k)
==429508==    by 0x5C3F858: ??? (in /usr/lib64/libcrypto.so.1.1.1k)
==429508==    by 0x5C3FD40: ??? (in /usr/lib64/libcrypto.so.1.1.1k)
==429508==    by 0x5C3FFD8: ??? (in /usr/lib64/libcrypto.so.1.1.1k)
==429508==    by 0x5C3F651: ??? (in /usr/lib64/libcrypto.so.1.1.1k)
==429508==    by 0x5C3FC02: ??? (in /usr/lib64/libcrypto.so.1.1.1k)
==429508==    by 0x5C3FF44: ??? (in /usr/lib64/libcrypto.so.1.1.1k)
==429508==    by 0x5C3F651: ??? (in /usr/lib64/libcrypto.so.1.1.1k)
==429508==    by 0x5C3FD40: ??? (in /usr/lib64/libcrypto.so.1.1.1k)
==429508==    by 0x5C3FFD8: ??? (in /usr/lib64/libcrypto.so.1.1.1k)
==429508== 
==429508== 56 bytes in 1 blocks are possibly lost in loss record 23 of 104
==429508==    at 0x4C37135: malloc (vg_replace_malloc.c:381)
==429508==    by 0x5D2C90C: CRYPTO_zalloc (in /usr/lib64/libcrypto.so.1.1.1k)
==429508==    by 0x5D91E6A: CRYPTO_THREAD_lock_new (in /usr/lib64/libcrypto.so.1.1.1k)
==429508==    by 0x5D15DDF: EVP_PKEY_new (in /usr/lib64/libcrypto.so.1.1.1k)
==429508==    by 0x5DAD82E: ??? (in /usr/lib64/libcrypto.so.1.1.1k)
==429508==    by 0x5DAD98C: ??? (in /usr/lib64/libcrypto.so.1.1.1k)
==429508==    by 0x5C3F813: ??? (in /usr/lib64/libcrypto.so.1.1.1k)
==429508==    by 0x5C3FD40: ??? (in /usr/lib64/libcrypto.so.1.1.1k)
==429508==    by 0x5C3FFD8: ??? (in /usr/lib64/libcrypto.so.1.1.1k)
==429508==    by 0x5C3F651: ??? (in /usr/lib64/libcrypto.so.1.1.1k)
==429508==    by 0x5C3FD40: ??? (in /usr/lib64/libcrypto.so.1.1.1k)
==429508==    by 0x5C3FFD8: ??? (in /usr/lib64/libcrypto.so.1.1.1k)
==429508== 
==429508== 56 bytes in 1 blocks are possibly lost in loss record 24 of 104
==429508==    at 0x4C37135: malloc (vg_replace_malloc.c:381)
==429508==    by 0x5D2C90C: CRYPTO_zalloc (in /usr/lib64/libcrypto.so.1.1.1k)
==429508==    by 0x5D91E6A: CRYPTO_THREAD_lock_new (in /usr/lib64/libcrypto.so.1.1.1k)
==429508==    by 0x5C4313D: ??? (in /usr/lib64/libcrypto.so.1.1.1k)
==429508==    by 0x5C41ABE: ??? (in /usr/lib64/libcrypto.so.1.1.1k)
==429508==    by 0x5C3F55A: ??? (in /usr/lib64/libcrypto.so.1.1.1k)
==429508==    by 0x5C400E0: ASN1_item_ex_d2i (in /usr/lib64/libcrypto.so.1.1.1k)
==429508==    by 0x5C4015E: ASN1_item_d2i (in /usr/lib64/libcrypto.so.1.1.1k)
==429508==    by 0x59614FB: ??? (in /usr/lib64/libssl.so.1.1.1k)
==429508==    by 0x5963E74: ??? (in /usr/lib64/libssl.so.1.1.1k)
==429508==    by 0x595D522: ??? (in /usr/lib64/libssl.so.1.1.1k)
==429508==    by 0x5948C97: SSL_do_handshake (in /usr/lib64/libssl.so.1.1.1k)
==429508== 
==429508== 64 bytes in 2 blocks are possibly lost in loss record 25 of 104
==429508==    at 0x4C37135: malloc (vg_replace_malloc.c:381)
==429508==    by 0x5D2C90C: CRYPTO_zalloc (in /usr/lib64/libcrypto.so.1.1.1k)
==429508==    by 0x5D8E392: OPENSSL_sk_new_reserve (in /usr/lib64/libcrypto.so.1.1.1k)
==429508==    by 0x5DACBE3: ??? (in /usr/lib64/libcrypto.so.1.1.1k)
==429508==    by 0x5DAD442: ??? (in /usr/lib64/libcrypto.so.1.1.1k)
==429508==    by 0x5C3F2EF: ??? (in /usr/lib64/libcrypto.so.1.1.1k)
==429508==    by 0x5C3FD40: ??? (in /usr/lib64/libcrypto.so.1.1.1k)
==429508==    by 0x5C3FFD8: ??? (in /usr/lib64/libcrypto.so.1.1.1k)
==429508==    by 0x5C3F651: ??? (in /usr/lib64/libcrypto.so.1.1.1k)
==429508==    by 0x5C3FD40: ??? (in /usr/lib64/libcrypto.so.1.1.1k)
==429508==    by 0x5C3FFD8: ??? (in /usr/lib64/libcrypto.so.1.1.1k)
==429508==    by 0x5C3F651: ??? (in /usr/lib64/libcrypto.so.1.1.1k)
==429508== 
==429508== 64 bytes in 2 blocks are possibly lost in loss record 26 of 104
==429508==    at 0x4C37135: malloc (vg_replace_malloc.c:381)
==429508==    by 0x5D2C90C: CRYPTO_zalloc (in /usr/lib64/libcrypto.so.1.1.1k)
==429508==    by 0x5C7041D: BUF_MEM_new (in /usr/lib64/libcrypto.so.1.1.1k)
==429508==    by 0x5DACBF0: ??? (in /usr/lib64/libcrypto.so.1.1.1k)
==429508==    by 0x5DAD442: ??? (in /usr/lib64/libcrypto.so.1.1.1k)
==429508==    by 0x5C3F2EF: ??? (in /usr/lib64/libcrypto.so.1.1.1k)
==429508==    by 0x5C3FD40: ??? (in /usr/lib64/libcrypto.so.1.1.1k)
==429508==    by 0x5C3FFD8: ??? (in /usr/lib64/libcrypto.so.1.1.1k)
==429508==    by 0x5C3F651: ??? (in /usr/lib64/libcrypto.so.1.1.1k)
==429508==    by 0x5C3FD40: ??? (in /usr/lib64/libcrypto.so.1.1.1k)
==429508==    by 0x5C3FFD8: ??? (in /usr/lib64/libcrypto.so.1.1.1k)
==429508==    by 0x5C3F651: ??? (in /usr/lib64/libcrypto.so.1.1.1k)
==429508== 
==429508== 64 bytes in 2 blocks are possibly lost in loss record 27 of 104
==429508==    at 0x4C37135: malloc (vg_replace_malloc.c:381)
==429508==    by 0x5D2C90C: CRYPTO_zalloc (in /usr/lib64/libcrypto.so.1.1.1k)
==429508==    by 0x5D8DBE7: ??? (in /usr/lib64/libcrypto.so.1.1.1k)
==429508==    by 0x5D8DDCF: OPENSSL_sk_insert (in /usr/lib64/libcrypto.so.1.1.1k)
==429508==    by 0x5DAD535: ??? (in /usr/lib64/libcrypto.so.1.1.1k)
==429508==    by 0x5C3F2EF: ??? (in /usr/lib64/libcrypto.so.1.1.1k)
==429508==    by 0x5C3FD40: ??? (in /usr/lib64/libcrypto.so.1.1.1k)
==429508==    by 0x5C3FFD8: ??? (in /usr/lib64/libcrypto.so.1.1.1k)
==429508==    by 0x5C3F651: ??? (in /usr/lib64/libcrypto.so.1.1.1k)
==429508==    by 0x5C3FD40: ??? (in /usr/lib64/libcrypto.so.1.1.1k)
==429508==    by 0x5C3FFD8: ??? (in /usr/lib64/libcrypto.so.1.1.1k)
==429508==    by 0x5C3F651: ??? (in /usr/lib64/libcrypto.so.1.1.1k)
==429508== 
==429508== 72 bytes in 1 blocks are possibly lost in loss record 28 of 104
==429508==    at 0x4C37135: malloc (vg_replace_malloc.c:381)
==429508==    by 0x5D2C90C: CRYPTO_zalloc (in /usr/lib64/libcrypto.so.1.1.1k)
==429508==    by 0x5D15DBA: EVP_PKEY_new (in /usr/lib64/libcrypto.so.1.1.1k)
==429508==    by 0x5DAD82E: ??? (in /usr/lib64/libcrypto.so.1.1.1k)
==429508==    by 0x5DAD98C: ??? (in /usr/lib64/libcrypto.so.1.1.1k)
==429508==    by 0x5C3F813: ??? (in /usr/lib64/libcrypto.so.1.1.1k)
==429508==    by 0x5C3FD40: ??? (in /usr/lib64/libcrypto.so.1.1.1k)
==429508==    by 0x5C3FFD8: ??? (in /usr/lib64/libcrypto.so.1.1.1k)
==429508==    by 0x5C3F651: ??? (in /usr/lib64/libcrypto.so.1.1.1k)
==429508==    by 0x5C3FD40: ??? (in /usr/lib64/libcrypto.so.1.1.1k)
==429508==    by 0x5C3FFD8: ??? (in /usr/lib64/libcrypto.so.1.1.1k)
==429508==    by 0x5C3F651: ??? (in /usr/lib64/libcrypto.so.1.1.1k)
==429508== 
==429508== 72 bytes in 3 blocks are possibly lost in loss record 29 of 104
==429508==    at 0x4C37135: malloc (vg_replace_malloc.c:381)
==429508==    by 0x5D2C90C: CRYPTO_zalloc (in /usr/lib64/libcrypto.so.1.1.1k)
==429508==    by 0x5C37030: ASN1_STRING_type_new (in /usr/lib64/libcrypto.so.1.1.1k)
==429508==    by 0x5C417A1: ??? (in /usr/lib64/libcrypto.so.1.1.1k)
==429508==    by 0x5C41A7C: ??? (in /usr/lib64/libcrypto.so.1.1.1k)
==429508==    by 0x5C419C7: ??? (in /usr/lib64/libcrypto.so.1.1.1k)
==429508==    by 0x5C41C0B: ??? (in /usr/lib64/libcrypto.so.1.1.1k)
==429508==    by 0x5C419C7: ??? (in /usr/lib64/libcrypto.so.1.1.1k)
==429508==    by 0x5C41C0B: ??? (in /usr/lib64/libcrypto.so.1.1.1k)
==429508==    by 0x5C419C7: ??? (in /usr/lib64/libcrypto.so.1.1.1k)
==429508==    by 0x5C41C0B: ??? (in /usr/lib64/libcrypto.so.1.1.1k)
==429508==    by 0x5C3F55A: ??? (in /usr/lib64/libcrypto.so.1.1.1k)
==429508== 
==429508== 72 bytes in 6 blocks are possibly lost in loss record 30 of 104
==429508==    at 0x4C37135: malloc (vg_replace_malloc.c:381)
==429508==    by 0x5C36EDF: ASN1_STRING_set (in /usr/lib64/libcrypto.so.1.1.1k)
==429508==    by 0x5C3ED9F: ??? (in /usr/lib64/libcrypto.so.1.1.1k)
==429508==    by 0x5C3F858: ??? (in /usr/lib64/libcrypto.so.1.1.1k)
==429508==    by 0x5C3FD40: ??? (in /usr/lib64/libcrypto.so.1.1.1k)
==429508==    by 0x5C3FFD8: ??? (in /usr/lib64/libcrypto.so.1.1.1k)
==429508==    by 0x5C3F651: ??? (in /usr/lib64/libcrypto.so.1.1.1k)
==429508==    by 0x5C3FC02: ??? (in /usr/lib64/libcrypto.so.1.1.1k)
==429508==    by 0x5C3FFD8: ??? (in /usr/lib64/libcrypto.so.1.1.1k)
==429508==    by 0x5C3F186: ??? (in /usr/lib64/libcrypto.so.1.1.1k)
==429508==    by 0x5C3FC02: ??? (in /usr/lib64/libcrypto.so.1.1.1k)
==429508==    by 0x5C3FFD8: ??? (in /usr/lib64/libcrypto.so.1.1.1k)
==429508== 
==429508== 80 bytes in 2 blocks are possibly lost in loss record 31 of 104
==429508==    at 0x4C37135: malloc (vg_replace_malloc.c:381)
==429508==    by 0x5D2C90C: CRYPTO_zalloc (in /usr/lib64/libcrypto.so.1.1.1k)
==429508==    by 0x5DACBD2: ??? (in /usr/lib64/libcrypto.so.1.1.1k)
==429508==    by 0x5DAD442: ??? (in /usr/lib64/libcrypto.so.1.1.1k)
==429508==    by 0x5C3F2EF: ??? (in /usr/lib64/libcrypto.so.1.1.1k)
==429508==    by 0x5C3FD40: ??? (in /usr/lib64/libcrypto.so.1.1.1k)
==429508==    by 0x5C3FFD8: ??? (in /usr/lib64/libcrypto.so.1.1.1k)
==429508==    by 0x5C3F651: ??? (in /usr/lib64/libcrypto.so.1.1.1k)
==429508==    by 0x5C3FD40: ??? (in /usr/lib64/libcrypto.so.1.1.1k)
==429508==    by 0x5C3FFD8: ??? (in /usr/lib64/libcrypto.so.1.1.1k)
==429508==    by 0x5C3F651: ??? (in /usr/lib64/libcrypto.so.1.1.1k)
==429508==    by 0x5C400E0: ASN1_item_ex_d2i (in /usr/lib64/libcrypto.so.1.1.1k)
==429508== 
==429508== 104 bytes in 1 blocks are possibly lost in loss record 32 of 104
==429508==    at 0x4C37135: malloc (vg_replace_malloc.c:381)
==429508==    by 0x5C6022A: BN_MONT_CTX_new (in /usr/lib64/libcrypto.so.1.1.1k)
==429508==    by 0x5C60684: BN_MONT_CTX_set_locked (in /usr/lib64/libcrypto.so.1.1.1k)
==429508==    by 0x5D617D5: ??? (in /usr/lib64/libcrypto.so.1.1.1k)
==429508==    by 0x5D644BF: ??? (in /usr/lib64/libcrypto.so.1.1.1k)
==429508==    by 0x5D14A79: EVP_DigestVerifyFinal (in /usr/lib64/libcrypto.so.1.1.1k)
==429508==    by 0x5963389: ??? (in /usr/lib64/libssl.so.1.1.1k)
==429508==    by 0x5963E94: ??? (in /usr/lib64/libssl.so.1.1.1k)
==429508==    by 0x595D522: ??? (in /usr/lib64/libssl.so.1.1.1k)
==429508==    by 0x5948C97: SSL_do_handshake (in /usr/lib64/libssl.so.1.1.1k)
==429508==    by 0x43F9E4: ngx_ssl_handshake (ngx_event_openssl.c:1619)
==429508==    by 0x43FEC4: ngx_ssl_handshake_handler (ngx_event_openssl.c:1899)
==429508== 
==429508== 112 bytes in 2 blocks are possibly lost in loss record 33 of 104
==429508==    at 0x4C37135: malloc (vg_replace_malloc.c:381)
==429508==    by 0x5D2C90C: CRYPTO_zalloc (in /usr/lib64/libcrypto.so.1.1.1k)
==429508==    by 0x5D91E6A: CRYPTO_THREAD_lock_new (in /usr/lib64/libcrypto.so.1.1.1k)
==429508==    by 0x5D5ED5D: RSA_new_method (in /usr/lib64/libcrypto.so.1.1.1k)
==429508==    by 0x5D5C414: ??? (in /usr/lib64/libcrypto.so.1.1.1k)
==429508==    by 0x5C41B7C: ??? (in /usr/lib64/libcrypto.so.1.1.1k)
==429508==    by 0x5C3F55A: ??? (in /usr/lib64/libcrypto.so.1.1.1k)
==429508==    by 0x5C400E0: ASN1_item_ex_d2i (in /usr/lib64/libcrypto.so.1.1.1k)
==429508==    by 0x5C4015E: ASN1_item_d2i (in /usr/lib64/libcrypto.so.1.1.1k)
==429508==    by 0x5D5B21E: ??? (in /usr/lib64/libcrypto.so.1.1.1k)
==429508==    by 0x5DAD86D: ??? (in /usr/lib64/libcrypto.so.1.1.1k)
==429508==    by 0x5DAD98C: ??? (in /usr/lib64/libcrypto.so.1.1.1k)
==429508== 
==429508== 120 bytes in 3 blocks are possibly lost in loss record 34 of 104
==429508==    at 0x4C37135: malloc (vg_replace_malloc.c:381)
==429508==    by 0x5D2C90C: CRYPTO_zalloc (in /usr/lib64/libcrypto.so.1.1.1k)
==429508==    by 0x5C41AA8: ??? (in /usr/lib64/libcrypto.so.1.1.1k)
==429508==    by 0x5C3F55A: ??? (in /usr/lib64/libcrypto.so.1.1.1k)
==429508==    by 0x5C3FC02: ??? (in /usr/lib64/libcrypto.so.1.1.1k)
==429508==    by 0x5C3FF44: ??? (in /usr/lib64/libcrypto.so.1.1.1k)
==429508==    by 0x5C3F651: ??? (in /usr/lib64/libcrypto.so.1.1.1k)
==429508==    by 0x5C3FD40: ??? (in /usr/lib64/libcrypto.so.1.1.1k)
==429508==    by 0x5C3FFD8: ??? (in /usr/lib64/libcrypto.so.1.1.1k)
==429508==    by 0x5C3F651: ??? (in /usr/lib64/libcrypto.so.1.1.1k)
==429508==    by 0x5C400E0: ASN1_item_ex_d2i (in /usr/lib64/libcrypto.so.1.1.1k)
==429508==    by 0x5C4015E: ASN1_item_d2i (in /usr/lib64/libcrypto.so.1.1.1k)
==429508== 
==429508== 132 bytes in 2 blocks are possibly lost in loss record 35 of 104
==429508==    at 0x4C37135: malloc (vg_replace_malloc.c:381)
==429508==    by 0x5DAD08B: ??? (in /usr/lib64/libcrypto.so.1.1.1k)
==429508==    by 0x5DAD568: ??? (in /usr/lib64/libcrypto.so.1.1.1k)
==429508==    by 0x5C3F2EF: ??? (in /usr/lib64/libcrypto.so.1.1.1k)
==429508==    by 0x5C3FD40: ??? (in /usr/lib64/libcrypto.so.1.1.1k)
==429508==    by 0x5C3FFD8: ??? (in /usr/lib64/libcrypto.so.1.1.1k)
==429508==    by 0x5C3F651: ??? (in /usr/lib64/libcrypto.so.1.1.1k)
==429508==    by 0x5C3FD40: ??? (in /usr/lib64/libcrypto.so.1.1.1k)
==429508==    by 0x5C3FFD8: ??? (in /usr/lib64/libcrypto.so.1.1.1k)
==429508==    by 0x5C3F651: ??? (in /usr/lib64/libcrypto.so.1.1.1k)
==429508==    by 0x5C400E0: ASN1_item_ex_d2i (in /usr/lib64/libcrypto.so.1.1.1k)
==429508==    by 0x5C4015E: ASN1_item_d2i (in /usr/lib64/libcrypto.so.1.1.1k)
==429508== 
==429508== 144 bytes in 6 blocks are possibly lost in loss record 36 of 104
==429508==    at 0x4C37135: malloc (vg_replace_malloc.c:381)
==429508==    by 0x5D2C90C: CRYPTO_zalloc (in /usr/lib64/libcrypto.so.1.1.1k)
==429508==    by 0x5C41AA8: ??? (in /usr/lib64/libcrypto.so.1.1.1k)
==429508==    by 0x5C3F55A: ??? (in /usr/lib64/libcrypto.so.1.1.1k)
==429508==    by 0x5C3FC02: ??? (in /usr/lib64/libcrypto.so.1.1.1k)
==429508==    by 0x5C3FFD8: ??? (in /usr/lib64/libcrypto.so.1.1.1k)
==429508==    by 0x5C3F186: ??? (in /usr/lib64/libcrypto.so.1.1.1k)
==429508==    by 0x5C3FC02: ??? (in /usr/lib64/libcrypto.so.1.1.1k)
==429508==    by 0x5C3FFD8: ??? (in /usr/lib64/libcrypto.so.1.1.1k)
==429508==    by 0x5C3F186: ??? (in /usr/lib64/libcrypto.so.1.1.1k)
==429508==    by 0x5C400E0: ASN1_item_ex_d2i (in /usr/lib64/libcrypto.so.1.1.1k)
==429508==    by 0x5DAD41F: ??? (in /usr/lib64/libcrypto.so.1.1.1k)
==429508== 
==429508== 144 bytes in 6 blocks are possibly lost in loss record 37 of 104
==429508==    at 0x4C37135: malloc (vg_replace_malloc.c:381)
==429508==    by 0x5D2C90C: CRYPTO_zalloc (in /usr/lib64/libcrypto.so.1.1.1k)
==429508==    by 0x5C37030: ASN1_STRING_type_new (in /usr/lib64/libcrypto.so.1.1.1k)
==429508==    by 0x5C417A1: ??? (in /usr/lib64/libcrypto.so.1.1.1k)
==429508==    by 0x5C41A7C: ??? (in /usr/lib64/libcrypto.so.1.1.1k)
==429508==    by 0x5C419C7: ??? (in /usr/lib64/libcrypto.so.1.1.1k)
==429508==    by 0x5C41C0B: ??? (in /usr/lib64/libcrypto.so.1.1.1k)
==429508==    by 0x5C3F55A: ??? (in /usr/lib64/libcrypto.so.1.1.1k)
==429508==    by 0x5C3FC02: ??? (in /usr/lib64/libcrypto.so.1.1.1k)
==429508==    by 0x5C3FFD8: ??? (in /usr/lib64/libcrypto.so.1.1.1k)
==429508==    by 0x5C3F186: ??? (in /usr/lib64/libcrypto.so.1.1.1k)
==429508==    by 0x5C3FC02: ??? (in /usr/lib64/libcrypto.so.1.1.1k)
==429508== 
==429508== 160 bytes in 5 blocks are indirectly lost in loss record 38 of 104
==429508==    at 0x4C37135: malloc (vg_replace_malloc.c:381)
==429508==    by 0x5D2C90C: CRYPTO_zalloc (in /usr/lib64/libcrypto.so.1.1.1k)
==429508==    by 0x5D8E392: OPENSSL_sk_new_reserve (in /usr/lib64/libcrypto.so.1.1.1k)
==429508==    by 0x596139C: ??? (in /usr/lib64/libssl.so.1.1.1k)
==429508==    by 0x5963E74: ??? (in /usr/lib64/libssl.so.1.1.1k)
==429508==    by 0x595D522: ??? (in /usr/lib64/libssl.so.1.1.1k)
==429508==    by 0x5948C97: SSL_do_handshake (in /usr/lib64/libssl.so.1.1.1k)
==429508==    by 0x43F9E4: ngx_ssl_handshake (ngx_event_openssl.c:1619)
==429508==    by 0x4632E3: ngx_http_upstream_ssl_init_connection (ngx_http_upstream.c:1715)
==429508==    by 0x464CF5: ngx_http_upstream_send_request_handler (ngx_http_upstream.c:2250)
==429508==    by 0x45FD76: ngx_http_upstream_handler (ngx_http_upstream.c:1287)
==429508==    by 0x43BD4D: ngx_epoll_process_events (ngx_epoll_module.c:932)
==429508== 
==429508== 160 bytes in 5 blocks are indirectly lost in loss record 39 of 104
==429508==    at 0x4C37135: malloc (vg_replace_malloc.c:381)
==429508==    by 0x5D2C90C: CRYPTO_zalloc (in /usr/lib64/libcrypto.so.1.1.1k)
==429508==    by 0x5D8DBE7: ??? (in /usr/lib64/libcrypto.so.1.1.1k)
==429508==    by 0x5D8DDCF: OPENSSL_sk_insert (in /usr/lib64/libcrypto.so.1.1.1k)
==429508==    by 0x596160A: ??? (in /usr/lib64/libssl.so.1.1.1k)
==429508==    by 0x5963E74: ??? (in /usr/lib64/libssl.so.1.1.1k)
==429508==    by 0x595D522: ??? (in /usr/lib64/libssl.so.1.1.1k)
==429508==    by 0x5948C97: SSL_do_handshake (in /usr/lib64/libssl.so.1.1.1k)
==429508==    by 0x43F9E4: ngx_ssl_handshake (ngx_event_openssl.c:1619)
==429508==    by 0x4632E3: ngx_http_upstream_ssl_init_connection (ngx_http_upstream.c:1715)
==429508==    by 0x464CF5: ngx_http_upstream_send_request_handler (ngx_http_upstream.c:2250)
==429508==    by 0x45FD76: ngx_http_upstream_handler (ngx_http_upstream.c:1287)
==429508== 
==429508== 176 bytes in 1 blocks are possibly lost in loss record 40 of 104
==429508==    at 0x4C37135: malloc (vg_replace_malloc.c:381)
==429508==    by 0x5D2C90C: CRYPTO_zalloc (in /usr/lib64/libcrypto.so.1.1.1k)
==429508==    by 0x5D5ED42: RSA_new_method (in /usr/lib64/libcrypto.so.1.1.1k)
==429508==    by 0x5D5C414: ??? (in /usr/lib64/libcrypto.so.1.1.1k)
==429508==    by 0x5C41B7C: ??? (in /usr/lib64/libcrypto.so.1.1.1k)
==429508==    by 0x5C3F55A: ??? (in /usr/lib64/libcrypto.so.1.1.1k)
==429508==    by 0x5C400E0: ASN1_item_ex_d2i (in /usr/lib64/libcrypto.so.1.1.1k)
==429508==    by 0x5C4015E: ASN1_item_d2i (in /usr/lib64/libcrypto.so.1.1.1k)
==429508==    by 0x5D5B21E: ??? (in /usr/lib64/libcrypto.so.1.1.1k)
==429508==    by 0x5DAD86D: ??? (in /usr/lib64/libcrypto.so.1.1.1k)
==429508==    by 0x5DAD98C: ??? (in /usr/lib64/libcrypto.so.1.1.1k)
==429508==    by 0x5C3F813: ??? (in /usr/lib64/libcrypto.so.1.1.1k)
==429508== 
==429508== 176 bytes in 1 blocks are indirectly lost in loss record 41 of 104
==429508==    at 0x4C37135: malloc (vg_replace_malloc.c:381)
==429508==    by 0x5962219: ??? (in /usr/lib64/libssl.so.1.1.1k)
==429508==    by 0x5963EC4: ??? (in /usr/lib64/libssl.so.1.1.1k)
==429508==    by 0x595D522: ??? (in /usr/lib64/libssl.so.1.1.1k)
==429508==    by 0x5948C97: SSL_do_handshake (in /usr/lib64/libssl.so.1.1.1k)
==429508==    by 0x43F9E4: ngx_ssl_handshake (ngx_event_openssl.c:1619)
==429508==    by 0x4632E3: ngx_http_upstream_ssl_init_connection (ngx_http_upstream.c:1715)
==429508==    by 0x464CF5: ngx_http_upstream_send_request_handler (ngx_http_upstream.c:2250)
==429508==    by 0x45FD76: ngx_http_upstream_handler (ngx_http_upstream.c:1287)
==429508==    by 0x43BD4D: ngx_epoll_process_events (ngx_epoll_module.c:932)
==429508==    by 0x4329AF: ngx_process_events_and_timers (ngx_event.c:247)
==429508==    by 0x43B109: ngx_single_process_cycle (ngx_process_cycle.c:316)
==429508== 
==429508== 184 bytes in 2 blocks are possibly lost in loss record 42 of 104
==429508==    at 0x4C37135: malloc (vg_replace_malloc.c:381)
==429508==    by 0x5C7055F: BUF_MEM_grow (in /usr/lib64/libcrypto.so.1.1.1k)
==429508==    by 0x5DAD4C5: ??? (in /usr/lib64/libcrypto.so.1.1.1k)
==429508==    by 0x5C3F2EF: ??? (in /usr/lib64/libcrypto.so.1.1.1k)
==429508==    by 0x5C3FD40: ??? (in /usr/lib64/libcrypto.so.1.1.1k)
==429508==    by 0x5C3FFD8: ??? (in /usr/lib64/libcrypto.so.1.1.1k)
==429508==    by 0x5C3F651: ??? (in /usr/lib64/libcrypto.so.1.1.1k)
==429508==    by 0x5C3FD40: ??? (in /usr/lib64/libcrypto.so.1.1.1k)
==429508==    by 0x5C3FFD8: ??? (in /usr/lib64/libcrypto.so.1.1.1k)
==429508==    by 0x5C3F651: ??? (in /usr/lib64/libcrypto.so.1.1.1k)
==429508==    by 0x5C400E0: ASN1_item_ex_d2i (in /usr/lib64/libcrypto.so.1.1.1k)
==429508==    by 0x5C4015E: ASN1_item_d2i (in /usr/lib64/libcrypto.so.1.1.1k)
==429508== 
==429508== 256 bytes in 1 blocks are possibly lost in loss record 43 of 104
==429508==    at 0x4C37135: malloc (vg_replace_malloc.c:381)
==429508==    by 0x5C2D59B: ??? (in /usr/lib64/libcrypto.so.1.1.1k)
==429508==    by 0x5C3EBE0: ??? (in /usr/lib64/libcrypto.so.1.1.1k)
==429508==    by 0x5C3F858: ??? (in /usr/lib64/libcrypto.so.1.1.1k)
==429508==    by 0x5C3FD40: ??? (in /usr/lib64/libcrypto.so.1.1.1k)
==429508==    by 0x5C3FFD8: ??? (in /usr/lib64/libcrypto.so.1.1.1k)
==429508==    by 0x5C3F651: ??? (in /usr/lib64/libcrypto.so.1.1.1k)
==429508==    by 0x5C400E0: ASN1_item_ex_d2i (in /usr/lib64/libcrypto.so.1.1.1k)
==429508==    by 0x5C4015E: ASN1_item_d2i (in /usr/lib64/libcrypto.so.1.1.1k)
==429508==    by 0x59614FB: ??? (in /usr/lib64/libssl.so.1.1.1k)
==429508==    by 0x5963E74: ??? (in /usr/lib64/libssl.so.1.1.1k)
==429508==    by 0x595D522: ??? (in /usr/lib64/libssl.so.1.1.1k)
==429508== 
==429508== 264 bytes in 2 blocks are possibly lost in loss record 44 of 104
==429508==    at 0x4C37135: malloc (vg_replace_malloc.c:381)
==429508==    by 0x5D2C90C: CRYPTO_zalloc (in /usr/lib64/libcrypto.so.1.1.1k)
==429508==    by 0x5C5EC18: ??? (in /usr/lib64/libcrypto.so.1.1.1k)
==429508==    by 0x5C5F024: BN_bin2bn (in /usr/lib64/libcrypto.so.1.1.1k)
==429508==    by 0x5C4389C: ??? (in /usr/lib64/libcrypto.so.1.1.1k)
==429508==    by 0x5C3E8D5: ??? (in /usr/lib64/libcrypto.so.1.1.1k)
==429508==    by 0x5C3F858: ??? (in /usr/lib64/libcrypto.so.1.1.1k)
==429508==    by 0x5C3FD40: ??? (in /usr/lib64/libcrypto.so.1.1.1k)
==429508==    by 0x5C3FFD8: ??? (in /usr/lib64/libcrypto.so.1.1.1k)
==429508==    by 0x5C3F651: ??? (in /usr/lib64/libcrypto.so.1.1.1k)
==429508==    by 0x5C400E0: ASN1_item_ex_d2i (in /usr/lib64/libcrypto.so.1.1.1k)
==429508==    by 0x5C4015E: ASN1_item_d2i (in /usr/lib64/libcrypto.so.1.1.1k)
==429508== 
==429508== 270 bytes in 1 blocks are possibly lost in loss record 45 of 104
==429508==    at 0x4C37135: malloc (vg_replace_malloc.c:381)
==429508==    by 0x5C2D59B: ??? (in /usr/lib64/libcrypto.so.1.1.1k)
==429508==    by 0x5C3EBE0: ??? (in /usr/lib64/libcrypto.so.1.1.1k)
==429508==    by 0x5C3F858: ??? (in /usr/lib64/libcrypto.so.1.1.1k)
==429508==    by 0x5C3FD40: ??? (in /usr/lib64/libcrypto.so.1.1.1k)
==429508==    by 0x5C3FFD8: ??? (in /usr/lib64/libcrypto.so.1.1.1k)
==429508==    by 0x5C3F651: ??? (in /usr/lib64/libcrypto.so.1.1.1k)
==429508==    by 0x5C3FD40: ??? (in /usr/lib64/libcrypto.so.1.1.1k)
==429508==    by 0x5C3FFD8: ??? (in /usr/lib64/libcrypto.so.1.1.1k)
==429508==    by 0x5C3F651: ??? (in /usr/lib64/libcrypto.so.1.1.1k)
==429508==    by 0x5C3FD40: ??? (in /usr/lib64/libcrypto.so.1.1.1k)
==429508==    by 0x5C3FFD8: ??? (in /usr/lib64/libcrypto.so.1.1.1k)
==429508== 
==429508== 352 bytes in 1 blocks are possibly lost in loss record 46 of 104
==429508==    at 0x4C37135: malloc (vg_replace_malloc.c:381)
==429508==    by 0x5D2C90C: CRYPTO_zalloc (in /usr/lib64/libcrypto.so.1.1.1k)
==429508==    by 0x5C41AA8: ??? (in /usr/lib64/libcrypto.so.1.1.1k)
==429508==    by 0x5C3F55A: ??? (in /usr/lib64/libcrypto.so.1.1.1k)
==429508==    by 0x5C400E0: ASN1_item_ex_d2i (in /usr/lib64/libcrypto.so.1.1.1k)
==429508==    by 0x5C4015E: ASN1_item_d2i (in /usr/lib64/libcrypto.so.1.1.1k)
==429508==    by 0x59614FB: ??? (in /usr/lib64/libssl.so.1.1.1k)
==429508==    by 0x5963E74: ??? (in /usr/lib64/libssl.so.1.1.1k)
==429508==    by 0x595D522: ??? (in /usr/lib64/libssl.so.1.1.1k)
==429508==    by 0x5948C97: SSL_do_handshake (in /usr/lib64/libssl.so.1.1.1k)
==429508==    by 0x43F9E4: ngx_ssl_handshake (ngx_event_openssl.c:1619)
==429508==    by 0x43FEC4: ngx_ssl_handshake_handler (ngx_event_openssl.c:1899)
==429508== 
==429508== 512 bytes in 2 blocks are possibly lost in loss record 47 of 104
==429508==    at 0x4C37135: malloc (vg_replace_malloc.c:381)
==429508==    by 0x5D2C90C: CRYPTO_zalloc (in /usr/lib64/libcrypto.so.1.1.1k)
==429508==    by 0x5C5EC18: ??? (in /usr/lib64/libcrypto.so.1.1.1k)
==429508==    by 0x5C5EE05: BN_copy (in /usr/lib64/libcrypto.so.1.1.1k)
==429508==    by 0x5C60361: BN_MONT_CTX_set (in /usr/lib64/libcrypto.so.1.1.1k)
==429508==    by 0x5C6069A: BN_MONT_CTX_set_locked (in /usr/lib64/libcrypto.so.1.1.1k)
==429508==    by 0x5D617D5: ??? (in /usr/lib64/libcrypto.so.1.1.1k)
==429508==    by 0x5D644BF: ??? (in /usr/lib64/libcrypto.so.1.1.1k)
==429508==    by 0x5D14A79: EVP_DigestVerifyFinal (in /usr/lib64/libcrypto.so.1.1.1k)
==429508==    by 0x5963389: ??? (in /usr/lib64/libssl.so.1.1.1k)
==429508==    by 0x5963E94: ??? (in /usr/lib64/libssl.so.1.1.1k)
==429508==    by 0x595D522: ??? (in /usr/lib64/libssl.so.1.1.1k)
==429508== 
==429508== 520 bytes in 5 blocks are indirectly lost in loss record 48 of 104
==429508==    at 0x4C37135: malloc (vg_replace_malloc.c:381)
==429508==    by 0x5C6022A: BN_MONT_CTX_new (in /usr/lib64/libcrypto.so.1.1.1k)
==429508==    by 0x5C60684: BN_MONT_CTX_set_locked (in /usr/lib64/libcrypto.so.1.1.1k)
==429508==    by 0x5D617D5: ??? (in /usr/lib64/libcrypto.so.1.1.1k)
==429508==    by 0x5D644BF: ??? (in /usr/lib64/libcrypto.so.1.1.1k)
==429508==    by 0x5D14A79: EVP_DigestVerifyFinal (in /usr/lib64/libcrypto.so.1.1.1k)
==429508==    by 0x5963389: ??? (in /usr/lib64/libssl.so.1.1.1k)
==429508==    by 0x5963E94: ??? (in /usr/lib64/libssl.so.1.1.1k)
==429508==    by 0x595D522: ??? (in /usr/lib64/libssl.so.1.1.1k)
==429508==    by 0x5948C97: SSL_do_handshake (in /usr/lib64/libssl.so.1.1.1k)
==429508==    by 0x43F9E4: ngx_ssl_handshake (ngx_event_openssl.c:1619)
==429508==    by 0x4632E3: ngx_http_upstream_ssl_init_connection (ngx_http_upstream.c:1715)
==429508== 
==429508== 593 bytes in 1 blocks are possibly lost in loss record 49 of 104
==429508==    at 0x4C37135: malloc (vg_replace_malloc.c:381)
==429508==    by 0x5C4329E: ??? (in /usr/lib64/libcrypto.so.1.1.1k)
==429508==    by 0x5C3F9B2: ??? (in /usr/lib64/libcrypto.so.1.1.1k)
==429508==    by 0x5C3FD40: ??? (in /usr/lib64/libcrypto.so.1.1.1k)
==429508==    by 0x5C3FFD8: ??? (in /usr/lib64/libcrypto.so.1.1.1k)
==429508==    by 0x5C3F651: ??? (in /usr/lib64/libcrypto.so.1.1.1k)
==429508==    by 0x5C400E0: ASN1_item_ex_d2i (in /usr/lib64/libcrypto.so.1.1.1k)
==429508==    by 0x5C4015E: ASN1_item_d2i (in /usr/lib64/libcrypto.so.1.1.1k)
==429508==    by 0x59614FB: ??? (in /usr/lib64/libssl.so.1.1.1k)
==429508==    by 0x5963E74: ??? (in /usr/lib64/libssl.so.1.1.1k)
==429508==    by 0x595D522: ??? (in /usr/lib64/libssl.so.1.1.1k)
==429508==    by 0x5948C97: SSL_do_handshake (in /usr/lib64/libssl.so.1.1.1k)
==429508== 
==429508== 1,560 bytes in 3 blocks are possibly lost in loss record 50 of 104
==429508==    at 0x4C37135: malloc (vg_replace_malloc.c:381)
==429508==    by 0x5D2C90C: CRYPTO_zalloc (in /usr/lib64/libcrypto.so.1.1.1k)
==429508==    by 0x5C5EC18: ??? (in /usr/lib64/libcrypto.so.1.1.1k)
==429508==    by 0x5C5EF2E: BN_set_bit (in /usr/lib64/libcrypto.so.1.1.1k)
==429508==    by 0x5C604D0: BN_MONT_CTX_set (in /usr/lib64/libcrypto.so.1.1.1k)
==429508==    by 0x5C6069A: BN_MONT_CTX_set_locked (in /usr/lib64/libcrypto.so.1.1.1k)
==429508==    by 0x5D617D5: ??? (in /usr/lib64/libcrypto.so.1.1.1k)
==429508==    by 0x5D644BF: ??? (in /usr/lib64/libcrypto.so.1.1.1k)
==429508==    by 0x5D14A79: EVP_DigestVerifyFinal (in /usr/lib64/libcrypto.so.1.1.1k)
==429508==    by 0x5963389: ??? (in /usr/lib64/libssl.so.1.1.1k)
==429508==    by 0x5963E94: ??? (in /usr/lib64/libssl.so.1.1.1k)
==429508==    by 0x595D522: ??? (in /usr/lib64/libssl.so.1.1.1k)
==429508== 
==429508== 1,760 bytes in 5 blocks are indirectly lost in loss record 51 of 104
==429508==    at 0x4C37135: malloc (vg_replace_malloc.c:381)
==429508==    by 0x5D2C90C: CRYPTO_zalloc (in /usr/lib64/libcrypto.so.1.1.1k)
==429508==    by 0x5C41AA8: ??? (in /usr/lib64/libcrypto.so.1.1.1k)
==429508==    by 0x5C3F55A: ??? (in /usr/lib64/libcrypto.so.1.1.1k)
==429508==    by 0x5C400E0: ASN1_item_ex_d2i (in /usr/lib64/libcrypto.so.1.1.1k)
==429508==    by 0x5C4015E: ASN1_item_d2i (in /usr/lib64/libcrypto.so.1.1.1k)
==429508==    by 0x59614FB: ??? (in /usr/lib64/libssl.so.1.1.1k)
==429508==    by 0x5963E74: ??? (in /usr/lib64/libssl.so.1.1.1k)
==429508==    by 0x595D522: ??? (in /usr/lib64/libssl.so.1.1.1k)
==429508==    by 0x5948C97: SSL_do_handshake (in /usr/lib64/libssl.so.1.1.1k)
==429508==    by 0x43F9E4: ngx_ssl_handshake (ngx_event_openssl.c:1619)
==429508==    by 0x4632E3: ngx_http_upstream_ssl_init_connection (ngx_http_upstream.c:1715)
==429508== 
==429508== 2,160 bytes in 1 blocks are still reachable in loss record 52 of 104
==429508==    at 0x4C37135: malloc (vg_replace_malloc.c:381)
==429508==    by 0x435C5B: ngx_strerror_init (ngx_errno.c:60)
==429508==    by 0x413C72: main (nginx.c:206)
==429508== 
==429508== 3,030 bytes in 135 blocks are still reachable in loss record 53 of 104
==429508==    at 0x4C37135: malloc (vg_replace_malloc.c:381)
==429508==    by 0x435CA1: ngx_strerror_init (ngx_errno.c:69)
==429508==    by 0x413C72: main (nginx.c:206)
==429508== 
==429508== 3,688 bytes in 1,844 blocks are indirectly lost in loss record 54 of 104
==429508==    at 0x4C37135: malloc (vg_replace_malloc.c:381)
==429508==    by 0x5C36EDF: ASN1_STRING_set (in /usr/lib64/libcrypto.so.1.1.1k)
==429508==    by 0x5C2F000: ??? (in /usr/lib64/libcrypto.so.1.1.1k)
==429508==    by 0x5C3EC03: ??? (in /usr/lib64/libcrypto.so.1.1.1k)
==429508==    by 0x5C3F858: ??? (in /usr/lib64/libcrypto.so.1.1.1k)
==429508==    by 0x5C3FD40: ??? (in /usr/lib64/libcrypto.so.1.1.1k)
==429508==    by 0x5C3FF44: ??? (in /usr/lib64/libcrypto.so.1.1.1k)
==429508==    by 0x5C3F651: ??? (in /usr/lib64/libcrypto.so.1.1.1k)
==429508==    by 0x5C3FD40: ??? (in /usr/lib64/libcrypto.so.1.1.1k)
==429508==    by 0x5C3FFD8: ??? (in /usr/lib64/libcrypto.so.1.1.1k)
==429508==    by 0x5C3F651: ??? (in /usr/lib64/libcrypto.so.1.1.1k)
==429508==    by 0x5C400E0: ASN1_item_ex_d2i (in /usr/lib64/libcrypto.so.1.1.1k)
==429508== 
==429508== 5,436 bytes in 1 blocks are still reachable in loss record 55 of 104
==429508==    at 0x4C37135: malloc (vg_replace_malloc.c:381)
==429508==    by 0x435D2B: ngx_alloc (ngx_alloc.c:22)
==429508==    by 0x438C86: ngx_init_setproctitle (ngx_setproctitle.c:47)
==429508==    by 0x438DFF: ngx_os_init (ngx_posix_init.c:49)
==429508==    by 0x4141FC: main (nginx.c:265)
==429508== 
==429508== 6,144 bytes in 1 blocks are still reachable in loss record 56 of 104
==429508==    at 0x4C37135: malloc (vg_replace_malloc.c:381)
==429508==    by 0x435D2B: ngx_alloc (ngx_alloc.c:22)
==429508==    by 0x43B759: ngx_epoll_init (ngx_epoll_module.c:359)
==429508==    by 0x431F22: ngx_event_process_init (ngx_event.c:667)
==429508==    by 0x43B081: ngx_single_process_cycle (ngx_process_cycle.c:306)
==429508==    by 0x4145EE: main (nginx.c:379)
==429508== 
==429508== 11,440 bytes in 65 blocks are indirectly lost in loss record 57 of 104
==429508==    at 0x4C37135: malloc (vg_replace_malloc.c:381)
==429508==    by 0x5962219: ??? (in /usr/lib64/libssl.so.1.1.1k)
==429508==    by 0x5963EC4: ??? (in /usr/lib64/libssl.so.1.1.1k)
==429508==    by 0x595D522: ??? (in /usr/lib64/libssl.so.1.1.1k)
==429508==    by 0x5948C97: SSL_do_handshake (in /usr/lib64/libssl.so.1.1.1k)
==429508==    by 0x43F9E4: ngx_ssl_handshake (ngx_event_openssl.c:1619)
==429508==    by 0x43FEC4: ngx_ssl_handshake_handler (ngx_event_openssl.c:1899)
==429508==    by 0x43BD4D: ngx_epoll_process_events (ngx_epoll_module.c:932)
==429508==    by 0x4329AF: ngx_process_events_and_timers (ngx_event.c:247)
==429508==    by 0x43B109: ngx_single_process_cycle (ngx_process_cycle.c:316)
==429508==    by 0x4145EE: main (nginx.c:379)
==429508== 
==429508== 29,520 bytes in 1,845 blocks are indirectly lost in loss record 58 of 104
==429508==    at 0x4C37135: malloc (vg_replace_malloc.c:381)
==429508==    by 0x5D2C90C: CRYPTO_zalloc (in /usr/lib64/libcrypto.so.1.1.1k)
==429508==    by 0x5C41AA8: ??? (in /usr/lib64/libcrypto.so.1.1.1k)
==429508==    by 0x5C419C7: ??? (in /usr/lib64/libcrypto.so.1.1.1k)
==429508==    by 0x5C41C0B: ??? (in /usr/lib64/libcrypto.so.1.1.1k)
==429508==    by 0x5C419C7: ??? (in /usr/lib64/libcrypto.so.1.1.1k)
==429508==    by 0x5C41C0B: ??? (in /usr/lib64/libcrypto.so.1.1.1k)
==429508==    by 0x5C419C7: ??? (in /usr/lib64/libcrypto.so.1.1.1k)
==429508==    by 0x5C41C0B: ??? (in /usr/lib64/libcrypto.so.1.1.1k)
==429508==    by 0x5C3F55A: ??? (in /usr/lib64/libcrypto.so.1.1.1k)
==429508==    by 0x5C400E0: ASN1_item_ex_d2i (in /usr/lib64/libcrypto.so.1.1.1k)
==429508==    by 0x5C4015E: ASN1_item_d2i (in /usr/lib64/libcrypto.so.1.1.1k)
==429508== 
==429508== 38,745 bytes in 1,845 blocks are indirectly lost in loss record 59 of 104
==429508==    at 0x4C37135: malloc (vg_replace_malloc.c:381)
==429508==    by 0x5C36EDF: ASN1_STRING_set (in /usr/lib64/libcrypto.so.1.1.1k)
==429508==    by 0x5C2EF7D: ??? (in /usr/lib64/libcrypto.so.1.1.1k)
==429508==    by 0x5C3EC03: ??? (in /usr/lib64/libcrypto.so.1.1.1k)
==429508==    by 0x5C3F858: ??? (in /usr/lib64/libcrypto.so.1.1.1k)
==429508==    by 0x5C3FD40: ??? (in /usr/lib64/libcrypto.so.1.1.1k)
==429508==    by 0x5C3FFD8: ??? (in /usr/lib64/libcrypto.so.1.1.1k)
==429508==    by 0x5C3F651: ??? (in /usr/lib64/libcrypto.so.1.1.1k)
==429508==    by 0x5C3FD40: ??? (in /usr/lib64/libcrypto.so.1.1.1k)
==429508==    by 0x5C3FFD8: ??? (in /usr/lib64/libcrypto.so.1.1.1k)
==429508==    by 0x5C3F651: ??? (in /usr/lib64/libcrypto.so.1.1.1k)
==429508==    by 0x5C400E0: ASN1_item_ex_d2i (in /usr/lib64/libcrypto.so.1.1.1k)
==429508== 
==429508== 38,745 bytes in 1,845 blocks are indirectly lost in loss record 60 of 104
==429508==    at 0x4C37135: malloc (vg_replace_malloc.c:381)
==429508==    by 0x5C36EDF: ASN1_STRING_set (in /usr/lib64/libcrypto.so.1.1.1k)
==429508==    by 0x5C3ED9F: ??? (in /usr/lib64/libcrypto.so.1.1.1k)
==429508==    by 0x5C3F858: ??? (in /usr/lib64/libcrypto.so.1.1.1k)
==429508==    by 0x5C3FCE0: ??? (in /usr/lib64/libcrypto.so.1.1.1k)
==429508==    by 0x5C3FFD8: ??? (in /usr/lib64/libcrypto.so.1.1.1k)
==429508==    by 0x5C3F651: ??? (in /usr/lib64/libcrypto.so.1.1.1k)
==429508==    by 0x5C400E0: ASN1_item_ex_d2i (in /usr/lib64/libcrypto.so.1.1.1k)
==429508==    by 0x5C4015E: ASN1_item_d2i (in /usr/lib64/libcrypto.so.1.1.1k)
==429508==    by 0x5DBAE04: X509V3_EXT_d2i (in /usr/lib64/libcrypto.so.1.1.1k)
==429508==    by 0x5DBE5D1: ??? (in /usr/lib64/libcrypto.so.1.1.1k)
==429508==    by 0x5DBEAD4: X509_check_purpose (in /usr/lib64/libcrypto.so.1.1.1k)
==429508== 
==429508== 38,745 bytes in 1,845 blocks are indirectly lost in loss record 61 of 104
==429508==    at 0x4C37135: malloc (vg_replace_malloc.c:381)
==429508==    by 0x5C36EDF: ASN1_STRING_set (in /usr/lib64/libcrypto.so.1.1.1k)
==429508==    by 0x5C3ED9F: ??? (in /usr/lib64/libcrypto.so.1.1.1k)
==429508==    by 0x5C3F858: ??? (in /usr/lib64/libcrypto.so.1.1.1k)
==429508==    by 0x5C400E0: ASN1_item_ex_d2i (in /usr/lib64/libcrypto.so.1.1.1k)
==429508==    by 0x5C4015E: ASN1_item_d2i (in /usr/lib64/libcrypto.so.1.1.1k)
==429508==    by 0x5DBAE04: X509V3_EXT_d2i (in /usr/lib64/libcrypto.so.1.1.1k)
==429508==    by 0x5DBE5AF: ??? (in /usr/lib64/libcrypto.so.1.1.1k)
==429508==    by 0x5DBEAD4: X509_check_purpose (in /usr/lib64/libcrypto.so.1.1.1k)
==429508==    by 0x5DA512F: ??? (in /usr/lib64/libcrypto.so.1.1.1k)
==429508==    by 0x5DA69EC: ??? (in /usr/lib64/libcrypto.so.1.1.1k)
==429508==    by 0x5DA7F0F: X509_verify_cert (in /usr/lib64/libcrypto.so.1.1.1k)
==429508== 
==429508== 44,256 bytes in 1,844 blocks are indirectly lost in loss record 62 of 104
==429508==    at 0x4C37135: malloc (vg_replace_malloc.c:381)
==429508==    by 0x5D2C90C: CRYPTO_zalloc (in /usr/lib64/libcrypto.so.1.1.1k)
==429508==    by 0x5C37030: ASN1_STRING_type_new (in /usr/lib64/libcrypto.so.1.1.1k)
==429508==    by 0x5C2EFE4: ??? (in /usr/lib64/libcrypto.so.1.1.1k)
==429508==    by 0x5C3EC03: ??? (in /usr/lib64/libcrypto.so.1.1.1k)
==429508==    by 0x5C3F858: ??? (in /usr/lib64/libcrypto.so.1.1.1k)
==429508==    by 0x5C3FD40: ??? (in /usr/lib64/libcrypto.so.1.1.1k)
==429508==    by 0x5C3FF44: ??? (in /usr/lib64/libcrypto.so.1.1.1k)
==429508==    by 0x5C3F651: ??? (in /usr/lib64/libcrypto.so.1.1.1k)
==429508==    by 0x5C3FD40: ??? (in /usr/lib64/libcrypto.so.1.1.1k)
==429508==    by 0x5C3FFD8: ??? (in /usr/lib64/libcrypto.so.1.1.1k)
==429508==    by 0x5C3F651: ??? (in /usr/lib64/libcrypto.so.1.1.1k)
==429508== 
==429508== 44,280 bytes in 1,845 blocks are indirectly lost in loss record 63 of 104
==429508==    at 0x4C37135: malloc (vg_replace_malloc.c:381)
==429508==    by 0x5D2C90C: CRYPTO_zalloc (in /usr/lib64/libcrypto.so.1.1.1k)
==429508==    by 0x5C37030: ASN1_STRING_type_new (in /usr/lib64/libcrypto.so.1.1.1k)
==429508==    by 0x5C3EEF6: ??? (in /usr/lib64/libcrypto.so.1.1.1k)
==429508==    by 0x5C3F858: ??? (in /usr/lib64/libcrypto.so.1.1.1k)
==429508==    by 0x5C3FCE0: ??? (in /usr/lib64/libcrypto.so.1.1.1k)
==429508==    by 0x5C3FFD8: ??? (in /usr/lib64/libcrypto.so.1.1.1k)
==429508==    by 0x5C3F651: ??? (in /usr/lib64/libcrypto.so.1.1.1k)
==429508==    by 0x5C400E0: ASN1_item_ex_d2i (in /usr/lib64/libcrypto.so.1.1.1k)
==429508==    by 0x5C4015E: ASN1_item_d2i (in /usr/lib64/libcrypto.so.1.1.1k)
==429508==    by 0x5DBAE04: X509V3_EXT_d2i (in /usr/lib64/libcrypto.so.1.1.1k)
==429508==    by 0x5DBE5D1: ??? (in /usr/lib64/libcrypto.so.1.1.1k)
==429508== 
==429508== 44,280 bytes in 1,845 blocks are indirectly lost in loss record 64 of 104
==429508==    at 0x4C37135: malloc (vg_replace_malloc.c:381)
==429508==    by 0x5D2C90C: CRYPTO_zalloc (in /usr/lib64/libcrypto.so.1.1.1k)
==429508==    by 0x5C41AA8: ??? (in /usr/lib64/libcrypto.so.1.1.1k)
==429508==    by 0x5C419C7: ??? (in /usr/lib64/libcrypto.so.1.1.1k)
==429508==    by 0x5C41C0B: ??? (in /usr/lib64/libcrypto.so.1.1.1k)
==429508==    by 0x5C419C7: ??? (in /usr/lib64/libcrypto.so.1.1.1k)
==429508==    by 0x5C41C0B: ??? (in /usr/lib64/libcrypto.so.1.1.1k)
==429508==    by 0x5C3F55A: ??? (in /usr/lib64/libcrypto.so.1.1.1k)
==429508==    by 0x5C400E0: ASN1_item_ex_d2i (in /usr/lib64/libcrypto.so.1.1.1k)
==429508==    by 0x5C4015E: ASN1_item_d2i (in /usr/lib64/libcrypto.so.1.1.1k)
==429508==    by 0x59614FB: ??? (in /usr/lib64/libssl.so.1.1.1k)
==429508==    by 0x5963E74: ??? (in /usr/lib64/libssl.so.1.1.1k)
==429508== 
==429508== 44,280 bytes in 1,845 blocks are indirectly lost in loss record 65 of 104
==429508==    at 0x4C37135: malloc (vg_replace_malloc.c:381)
==429508==    by 0x5D2C90C: CRYPTO_zalloc (in /usr/lib64/libcrypto.so.1.1.1k)
==429508==    by 0x5C37030: ASN1_STRING_type_new (in /usr/lib64/libcrypto.so.1.1.1k)
==429508==    by 0x5C3EEF6: ??? (in /usr/lib64/libcrypto.so.1.1.1k)
==429508==    by 0x5C3F858: ??? (in /usr/lib64/libcrypto.so.1.1.1k)
==429508==    by 0x5C400E0: ASN1_item_ex_d2i (in /usr/lib64/libcrypto.so.1.1.1k)
==429508==    by 0x5C4015E: ASN1_item_d2i (in /usr/lib64/libcrypto.so.1.1.1k)
==429508==    by 0x5DBAE04: X509V3_EXT_d2i (in /usr/lib64/libcrypto.so.1.1.1k)
==429508==    by 0x5DBE5AF: ??? (in /usr/lib64/libcrypto.so.1.1.1k)
==429508==    by 0x5DBEAD4: X509_check_purpose (in /usr/lib64/libcrypto.so.1.1.1k)
==429508==    by 0x5DA512F: ??? (in /usr/lib64/libcrypto.so.1.1.1k)
==429508==    by 0x5DA69EC: ??? (in /usr/lib64/libcrypto.so.1.1.1k)
==429508== 
==429508== 44,280 bytes in 1,845 blocks are indirectly lost in loss record 66 of 104
==429508==    at 0x4C37135: malloc (vg_replace_malloc.c:381)
==429508==    by 0x5D2C90C: CRYPTO_zalloc (in /usr/lib64/libcrypto.so.1.1.1k)
==429508==    by 0x5C41AA8: ??? (in /usr/lib64/libcrypto.so.1.1.1k)
==429508==    by 0x5C3F55A: ??? (in /usr/lib64/libcrypto.so.1.1.1k)
==429508==    by 0x5C400E0: ASN1_item_ex_d2i (in /usr/lib64/libcrypto.so.1.1.1k)
==429508==    by 0x5C4015E: ASN1_item_d2i (in /usr/lib64/libcrypto.so.1.1.1k)
==429508==    by 0x5DBAE04: X509V3_EXT_d2i (in /usr/lib64/libcrypto.so.1.1.1k)
==429508==    by 0x5DBE5D1: ??? (in /usr/lib64/libcrypto.so.1.1.1k)
==429508==    by 0x5DBEAD4: X509_check_purpose (in /usr/lib64/libcrypto.so.1.1.1k)
==429508==    by 0x5DA512F: ??? (in /usr/lib64/libcrypto.so.1.1.1k)
==429508==    by 0x5DA69EC: ??? (in /usr/lib64/libcrypto.so.1.1.1k)
==429508==    by 0x5DA7F0F: X509_verify_cert (in /usr/lib64/libcrypto.so.1.1.1k)
==429508== 
==429508== 51,660 bytes in 3,690 blocks are indirectly lost in loss record 67 of 104
==429508==    at 0x4C37135: malloc (vg_replace_malloc.c:381)
==429508==    by 0x5C36EDF: ASN1_STRING_set (in /usr/lib64/libcrypto.so.1.1.1k)
==429508==    by 0x5C3ED9F: ??? (in /usr/lib64/libcrypto.so.1.1.1k)
==429508==    by 0x5C3F858: ??? (in /usr/lib64/libcrypto.so.1.1.1k)
==429508==    by 0x5C3FD40: ??? (in /usr/lib64/libcrypto.so.1.1.1k)
==429508==    by 0x5C3FFD8: ??? (in /usr/lib64/libcrypto.so.1.1.1k)
==429508==    by 0x5C3F651: ??? (in /usr/lib64/libcrypto.so.1.1.1k)
==429508==    by 0x5C3FD40: ??? (in /usr/lib64/libcrypto.so.1.1.1k)
==429508==    by 0x5C3FFD8: ??? (in /usr/lib64/libcrypto.so.1.1.1k)
==429508==    by 0x5C3F651: ??? (in /usr/lib64/libcrypto.so.1.1.1k)
==429508==    by 0x5C3FD40: ??? (in /usr/lib64/libcrypto.so.1.1.1k)
==429508==    by 0x5C3FFD8: ??? (in /usr/lib64/libcrypto.so.1.1.1k)
==429508== 
==429508== 58,912 bytes in 1,841 blocks are indirectly lost in loss record 68 of 104
==429508==    at 0x4C37135: malloc (vg_replace_malloc.c:381)
==429508==    by 0x5D2C90C: CRYPTO_zalloc (in /usr/lib64/libcrypto.so.1.1.1k)
==429508==    by 0x5D8E392: OPENSSL_sk_new_reserve (in /usr/lib64/libcrypto.so.1.1.1k)
==429508==    by 0x596139C: ??? (in /usr/lib64/libssl.so.1.1.1k)
==429508==    by 0x5963E74: ??? (in /usr/lib64/libssl.so.1.1.1k)
==429508==    by 0x595D522: ??? (in /usr/lib64/libssl.so.1.1.1k)
==429508==    by 0x5948C97: SSL_do_handshake (in /usr/lib64/libssl.so.1.1.1k)
==429508==    by 0x43F9E4: ngx_ssl_handshake (ngx_event_openssl.c:1619)
==429508==    by 0x43FEC4: ngx_ssl_handshake_handler (ngx_event_openssl.c:1899)
==429508==    by 0x43BCEB: ngx_epoll_process_events (ngx_epoll_module.c:903)
==429508==    by 0x4329AF: ngx_process_events_and_timers (ngx_event.c:247)
==429508==    by 0x43B109: ngx_single_process_cycle (ngx_process_cycle.c:316)
==429508== 
==429508== 58,912 bytes in 1,841 blocks are indirectly lost in loss record 69 of 104
==429508==    at 0x4C37135: malloc (vg_replace_malloc.c:381)
==429508==    by 0x5D2C90C: CRYPTO_zalloc (in /usr/lib64/libcrypto.so.1.1.1k)
==429508==    by 0x5D8DBE7: ??? (in /usr/lib64/libcrypto.so.1.1.1k)
==429508==    by 0x5D8DDCF: OPENSSL_sk_insert (in /usr/lib64/libcrypto.so.1.1.1k)
==429508==    by 0x596160A: ??? (in /usr/lib64/libssl.so.1.1.1k)
==429508==    by 0x5963E74: ??? (in /usr/lib64/libssl.so.1.1.1k)
==429508==    by 0x595D522: ??? (in /usr/lib64/libssl.so.1.1.1k)
==429508==    by 0x5948C97: SSL_do_handshake (in /usr/lib64/libssl.so.1.1.1k)
==429508==    by 0x43F9E4: ngx_ssl_handshake (ngx_event_openssl.c:1619)
==429508==    by 0x43FEC4: ngx_ssl_handshake_handler (ngx_event_openssl.c:1899)
==429508==    by 0x43BCEB: ngx_epoll_process_events (ngx_epoll_module.c:903)
==429508==    by 0x4329AF: ngx_process_events_and_timers (ngx_event.c:247)
==429508== 
==429508== 59,040 bytes in 1,845 blocks are indirectly lost in loss record 70 of 104
==429508==    at 0x4C37135: malloc (vg_replace_malloc.c:381)
==429508==    by 0x5D2C90C: CRYPTO_zalloc (in /usr/lib64/libcrypto.so.1.1.1k)
==429508==    by 0x5D8DBE7: ??? (in /usr/lib64/libcrypto.so.1.1.1k)
==429508==    by 0x5D8DDCF: OPENSSL_sk_insert (in /usr/lib64/libcrypto.so.1.1.1k)
==429508==    by 0x5C3FC26: ??? (in /usr/lib64/libcrypto.so.1.1.1k)
==429508==    by 0x5C3FF44: ??? (in /usr/lib64/libcrypto.so.1.1.1k)
==429508==    by 0x5C3F651: ??? (in /usr/lib64/libcrypto.so.1.1.1k)
==429508==    by 0x5C3FD40: ??? (in /usr/lib64/libcrypto.so.1.1.1k)
==429508==    by 0x5C3FFD8: ??? (in /usr/lib64/libcrypto.so.1.1.1k)
==429508==    by 0x5C3F651: ??? (in /usr/lib64/libcrypto.so.1.1.1k)
==429508==    by 0x5C400E0: ASN1_item_ex_d2i (in /usr/lib64/libcrypto.so.1.1.1k)
==429508==    by 0x5C4015E: ASN1_item_d2i (in /usr/lib64/libcrypto.so.1.1.1k)
==429508== 
==429508== 59,040 bytes in 1,845 blocks are indirectly lost in loss record 71 of 104
==429508==    at 0x4C37135: malloc (vg_replace_malloc.c:381)
==429508==    by 0x5D2C90C: CRYPTO_zalloc (in /usr/lib64/libcrypto.so.1.1.1k)
==429508==    by 0x5D8E392: OPENSSL_sk_new_reserve (in /usr/lib64/libcrypto.so.1.1.1k)
==429508==    by 0x5C3FDB4: ??? (in /usr/lib64/libcrypto.so.1.1.1k)
==429508==    by 0x5C3FF44: ??? (in /usr/lib64/libcrypto.so.1.1.1k)
==429508==    by 0x5C3F651: ??? (in /usr/lib64/libcrypto.so.1.1.1k)
==429508==    by 0x5C3FD40: ??? (in /usr/lib64/libcrypto.so.1.1.1k)
==429508==    by 0x5C3FFD8: ??? (in /usr/lib64/libcrypto.so.1.1.1k)
==429508==    by 0x5C3F651: ??? (in /usr/lib64/libcrypto.so.1.1.1k)
==429508==    by 0x5C400E0: ASN1_item_ex_d2i (in /usr/lib64/libcrypto.so.1.1.1k)
==429508==    by 0x5C4015E: ASN1_item_d2i (in /usr/lib64/libcrypto.so.1.1.1k)
==429508==    by 0x59614FB: ??? (in /usr/lib64/libssl.so.1.1.1k)
==429508== 
==429508== 88,560 bytes in 3,690 blocks are indirectly lost in loss record 72 of 104
==429508==    at 0x4C37135: malloc (vg_replace_malloc.c:381)
==429508==    by 0x5D2C90C: CRYPTO_zalloc (in /usr/lib64/libcrypto.so.1.1.1k)
==429508==    by 0x5C5E23D: BN_new (in /usr/lib64/libcrypto.so.1.1.1k)
==429508==    by 0x5C438BC: ??? (in /usr/lib64/libcrypto.so.1.1.1k)
==429508==    by 0x5C3E8D5: ??? (in /usr/lib64/libcrypto.so.1.1.1k)
==429508==    by 0x5C3F858: ??? (in /usr/lib64/libcrypto.so.1.1.1k)
==429508==    by 0x5C3FD40: ??? (in /usr/lib64/libcrypto.so.1.1.1k)
==429508==    by 0x5C3FFD8: ??? (in /usr/lib64/libcrypto.so.1.1.1k)
==429508==    by 0x5C3F651: ??? (in /usr/lib64/libcrypto.so.1.1.1k)
==429508==    by 0x5C400E0: ASN1_item_ex_d2i (in /usr/lib64/libcrypto.so.1.1.1k)
==429508==    by 0x5C4015E: ASN1_item_d2i (in /usr/lib64/libcrypto.so.1.1.1k)
==429508==    by 0x5D5B21E: ??? (in /usr/lib64/libcrypto.so.1.1.1k)
==429508== 
==429508== 88,560 bytes in 5,535 blocks are indirectly lost in loss record 73 of 104
==429508==    at 0x4C37135: malloc (vg_replace_malloc.c:381)
==429508==    by 0x5C41862: ??? (in /usr/lib64/libcrypto.so.1.1.1k)
==429508==    by 0x5C41A7C: ??? (in /usr/lib64/libcrypto.so.1.1.1k)
==429508==    by 0x5C41D7A: ASN1_item_new (in /usr/lib64/libcrypto.so.1.1.1k)
==429508==    by 0x5C3EDFC: ??? (in /usr/lib64/libcrypto.so.1.1.1k)
==429508==    by 0x5C3F858: ??? (in /usr/lib64/libcrypto.so.1.1.1k)
==429508==    by 0x5C3FD40: ??? (in /usr/lib64/libcrypto.so.1.1.1k)
==429508==    by 0x5C3FFD8: ??? (in /usr/lib64/libcrypto.so.1.1.1k)
==429508==    by 0x5C3F651: ??? (in /usr/lib64/libcrypto.so.1.1.1k)
==429508==    by 0x5C3FD40: ??? (in /usr/lib64/libcrypto.so.1.1.1k)
==429508==    by 0x5C3FFD8: ??? (in /usr/lib64/libcrypto.so.1.1.1k)
==429508==    by 0x5C3F651: ??? (in /usr/lib64/libcrypto.so.1.1.1k)
==429508== 
==429508== 99,630 bytes in 5,535 blocks are indirectly lost in loss record 74 of 104
==429508==    at 0x4C37135: malloc (vg_replace_malloc.c:381)
==429508==    by 0x5C36EDF: ASN1_STRING_set (in /usr/lib64/libcrypto.so.1.1.1k)
==429508==    by 0x5C3ED9F: ??? (in /usr/lib64/libcrypto.so.1.1.1k)
==429508==    by 0x5C3F858: ??? (in /usr/lib64/libcrypto.so.1.1.1k)
==429508==    by 0x5C3FD40: ??? (in /usr/lib64/libcrypto.so.1.1.1k)
==429508==    by 0x5C3FFD8: ??? (in /usr/lib64/libcrypto.so.1.1.1k)
==429508==    by 0x5C3F651: ??? (in /usr/lib64/libcrypto.so.1.1.1k)
==429508==    by 0x5C3FC02: ??? (in /usr/lib64/libcrypto.so.1.1.1k)
==429508==    by 0x5C3FF44: ??? (in /usr/lib64/libcrypto.so.1.1.1k)
==429508==    by 0x5C3F651: ??? (in /usr/lib64/libcrypto.so.1.1.1k)
==429508==    by 0x5C3FD40: ??? (in /usr/lib64/libcrypto.so.1.1.1k)
==429508==    by 0x5C3FFD8: ??? (in /usr/lib64/libcrypto.so.1.1.1k)
==429508== 
==429508== 103,264 bytes in 1,844 blocks are indirectly lost in loss record 75 of 104
==429508==    at 0x4C37135: malloc (vg_replace_malloc.c:381)
==429508==    by 0x5D2C90C: CRYPTO_zalloc (in /usr/lib64/libcrypto.so.1.1.1k)
==429508==    by 0x5D91E6A: CRYPTO_THREAD_lock_new (in /usr/lib64/libcrypto.so.1.1.1k)
==429508==    by 0x5D5ED5D: RSA_new_method (in /usr/lib64/libcrypto.so.1.1.1k)
==429508==    by 0x5D5C414: ??? (in /usr/lib64/libcrypto.so.1.1.1k)
==429508==    by 0x5C41B7C: ??? (in /usr/lib64/libcrypto.so.1.1.1k)
==429508==    by 0x5C3F55A: ??? (in /usr/lib64/libcrypto.so.1.1.1k)
==429508==    by 0x5C400E0: ASN1_item_ex_d2i (in /usr/lib64/libcrypto.so.1.1.1k)
==429508==    by 0x5C4015E: ASN1_item_d2i (in /usr/lib64/libcrypto.so.1.1.1k)
==429508==    by 0x5D5B21E: ??? (in /usr/lib64/libcrypto.so.1.1.1k)
==429508==    by 0x5DAD86D: ??? (in /usr/lib64/libcrypto.so.1.1.1k)
==429508==    by 0x5DAD98C: ??? (in /usr/lib64/libcrypto.so.1.1.1k)
==429508== 
==429508== 103,320 bytes in 1,845 blocks are indirectly lost in loss record 76 of 104
==429508==    at 0x4C37135: malloc (vg_replace_malloc.c:381)
==429508==    by 0x5D2C90C: CRYPTO_zalloc (in /usr/lib64/libcrypto.so.1.1.1k)
==429508==    by 0x5D91E6A: CRYPTO_THREAD_lock_new (in /usr/lib64/libcrypto.so.1.1.1k)
==429508==    by 0x5D15DDF: EVP_PKEY_new (in /usr/lib64/libcrypto.so.1.1.1k)
==429508==    by 0x5DAD82E: ??? (in /usr/lib64/libcrypto.so.1.1.1k)
==429508==    by 0x5DAD98C: ??? (in /usr/lib64/libcrypto.so.1.1.1k)
==429508==    by 0x5C3F813: ??? (in /usr/lib64/libcrypto.so.1.1.1k)
==429508==    by 0x5C3FD40: ??? (in /usr/lib64/libcrypto.so.1.1.1k)
==429508==    by 0x5C3FFD8: ??? (in /usr/lib64/libcrypto.so.1.1.1k)
==429508==    by 0x5C3F651: ??? (in /usr/lib64/libcrypto.so.1.1.1k)
==429508==    by 0x5C3FD40: ??? (in /usr/lib64/libcrypto.so.1.1.1k)
==429508==    by 0x5C3FFD8: ??? (in /usr/lib64/libcrypto.so.1.1.1k)
==429508== 
==429508== 103,320 bytes in 1,845 blocks are indirectly lost in loss record 77 of 104
==429508==    at 0x4C37135: malloc (vg_replace_malloc.c:381)
==429508==    by 0x5D2C90C: CRYPTO_zalloc (in /usr/lib64/libcrypto.so.1.1.1k)
==429508==    by 0x5D91E6A: CRYPTO_THREAD_lock_new (in /usr/lib64/libcrypto.so.1.1.1k)
==429508==    by 0x5C4313D: ??? (in /usr/lib64/libcrypto.so.1.1.1k)
==429508==    by 0x5C41ABE: ??? (in /usr/lib64/libcrypto.so.1.1.1k)
==429508==    by 0x5C3F55A: ??? (in /usr/lib64/libcrypto.so.1.1.1k)
==429508==    by 0x5C400E0: ASN1_item_ex_d2i (in /usr/lib64/libcrypto.so.1.1.1k)
==429508==    by 0x5C4015E: ASN1_item_d2i (in /usr/lib64/libcrypto.so.1.1.1k)
==429508==    by 0x59614FB: ??? (in /usr/lib64/libssl.so.1.1.1k)
==429508==    by 0x5963E74: ??? (in /usr/lib64/libssl.so.1.1.1k)
==429508==    by 0x595D522: ??? (in /usr/lib64/libssl.so.1.1.1k)
==429508==    by 0x5948C97: SSL_do_handshake (in /usr/lib64/libssl.so.1.1.1k)
==429508== 
==429508== 103,376 bytes in 1,846 blocks are indirectly lost in loss record 78 of 104
==429508==    at 0x4C37135: malloc (vg_replace_malloc.c:381)
==429508==    by 0x5D2C90C: CRYPTO_zalloc (in /usr/lib64/libcrypto.so.1.1.1k)
==429508==    by 0x5D91E6A: CRYPTO_THREAD_lock_new (in /usr/lib64/libcrypto.so.1.1.1k)
==429508==    by 0x594F5EA: SSL_SESSION_new (in /usr/lib64/libssl.so.1.1.1k)
==429508==    by 0x594FE06: ??? (in /usr/lib64/libssl.so.1.1.1k)
==429508==    by 0x595E121: ??? (in /usr/lib64/libssl.so.1.1.1k)
==429508==    by 0x595D33E: ??? (in /usr/lib64/libssl.so.1.1.1k)
==429508==    by 0x5948C97: SSL_do_handshake (in /usr/lib64/libssl.so.1.1.1k)
==429508==    by 0x43F9E4: ngx_ssl_handshake (ngx_event_openssl.c:1619)
==429508==    by 0x4632E3: ngx_http_upstream_ssl_init_connection (ngx_http_upstream.c:1715)
==429508==    by 0x464CF5: ngx_http_upstream_send_request_handler (ngx_http_upstream.c:2250)
==429508==    by 0x45FD76: ngx_http_upstream_handler (ngx_http_upstream.c:1287)
==429508== 
==429508== 118,080 bytes in 3,690 blocks are indirectly lost in loss record 79 of 104
==429508==    at 0x4C37135: malloc (vg_replace_malloc.c:381)
==429508==    by 0x5D2C90C: CRYPTO_zalloc (in /usr/lib64/libcrypto.so.1.1.1k)
==429508==    by 0x5D8E392: OPENSSL_sk_new_reserve (in /usr/lib64/libcrypto.so.1.1.1k)
==429508==    by 0x5DACBE3: ??? (in /usr/lib64/libcrypto.so.1.1.1k)
==429508==    by 0x5DAD442: ??? (in /usr/lib64/libcrypto.so.1.1.1k)
==429508==    by 0x5C3F2EF: ??? (in /usr/lib64/libcrypto.so.1.1.1k)
==429508==    by 0x5C3FD40: ??? (in /usr/lib64/libcrypto.so.1.1.1k)
==429508==    by 0x5C3FFD8: ??? (in /usr/lib64/libcrypto.so.1.1.1k)
==429508==    by 0x5C3F651: ??? (in /usr/lib64/libcrypto.so.1.1.1k)
==429508==    by 0x5C3FD40: ??? (in /usr/lib64/libcrypto.so.1.1.1k)
==429508==    by 0x5C3FFD8: ??? (in /usr/lib64/libcrypto.so.1.1.1k)
==429508==    by 0x5C3F651: ??? (in /usr/lib64/libcrypto.so.1.1.1k)
==429508== 
==429508== 118,080 bytes in 3,690 blocks are indirectly lost in loss record 80 of 104
==429508==    at 0x4C37135: malloc (vg_replace_malloc.c:381)
==429508==    by 0x5D2C90C: CRYPTO_zalloc (in /usr/lib64/libcrypto.so.1.1.1k)
==429508==    by 0x5C7041D: BUF_MEM_new (in /usr/lib64/libcrypto.so.1.1.1k)
==429508==    by 0x5DACBF0: ??? (in /usr/lib64/libcrypto.so.1.1.1k)
==429508==    by 0x5DAD442: ??? (in /usr/lib64/libcrypto.so.1.1.1k)
==429508==    by 0x5C3F2EF: ??? (in /usr/lib64/libcrypto.so.1.1.1k)
==429508==    by 0x5C3FD40: ??? (in /usr/lib64/libcrypto.so.1.1.1k)
==429508==    by 0x5C3FFD8: ??? (in /usr/lib64/libcrypto.so.1.1.1k)
==429508==    by 0x5C3F651: ??? (in /usr/lib64/libcrypto.so.1.1.1k)
==429508==    by 0x5C3FD40: ??? (in /usr/lib64/libcrypto.so.1.1.1k)
==429508==    by 0x5C3FFD8: ??? (in /usr/lib64/libcrypto.so.1.1.1k)
==429508==    by 0x5C3F651: ??? (in /usr/lib64/libcrypto.so.1.1.1k)
==429508== 
==429508== 118,080 bytes in 3,690 blocks are indirectly lost in loss record 81 of 104
==429508==    at 0x4C37135: malloc (vg_replace_malloc.c:381)
==429508==    by 0x5D2C90C: CRYPTO_zalloc (in /usr/lib64/libcrypto.so.1.1.1k)
==429508==    by 0x5D8DBE7: ??? (in /usr/lib64/libcrypto.so.1.1.1k)
==429508==    by 0x5D8DDCF: OPENSSL_sk_insert (in /usr/lib64/libcrypto.so.1.1.1k)
==429508==    by 0x5DAD535: ??? (in /usr/lib64/libcrypto.so.1.1.1k)
==429508==    by 0x5C3F2EF: ??? (in /usr/lib64/libcrypto.so.1.1.1k)
==429508==    by 0x5C3FD40: ??? (in /usr/lib64/libcrypto.so.1.1.1k)
==429508==    by 0x5C3FFD8: ??? (in /usr/lib64/libcrypto.so.1.1.1k)
==429508==    by 0x5C3F651: ??? (in /usr/lib64/libcrypto.so.1.1.1k)
==429508==    by 0x5C3FD40: ??? (in /usr/lib64/libcrypto.so.1.1.1k)
==429508==    by 0x5C3FFD8: ??? (in /usr/lib64/libcrypto.so.1.1.1k)
==429508==    by 0x5C3F651: ??? (in /usr/lib64/libcrypto.so.1.1.1k)
==429508== 
==429508== 132,820 bytes in 11,069 blocks are indirectly lost in loss record 82 of 104
==429508==    at 0x4C37135: malloc (vg_replace_malloc.c:381)
==429508==    by 0x5C36EDF: ASN1_STRING_set (in /usr/lib64/libcrypto.so.1.1.1k)
==429508==    by 0x5C3ED9F: ??? (in /usr/lib64/libcrypto.so.1.1.1k)
==429508==    by 0x5C3F858: ??? (in /usr/lib64/libcrypto.so.1.1.1k)
==429508==    by 0x5C3FD40: ??? (in /usr/lib64/libcrypto.so.1.1.1k)
==429508==    by 0x5C3FFD8: ??? (in /usr/lib64/libcrypto.so.1.1.1k)
==429508==    by 0x5C3F651: ??? (in /usr/lib64/libcrypto.so.1.1.1k)
==429508==    by 0x5C3FC02: ??? (in /usr/lib64/libcrypto.so.1.1.1k)
==429508==    by 0x5C3FFD8: ??? (in /usr/lib64/libcrypto.so.1.1.1k)
==429508==    by 0x5C3F186: ??? (in /usr/lib64/libcrypto.so.1.1.1k)
==429508==    by 0x5C3FC02: ??? (in /usr/lib64/libcrypto.so.1.1.1k)
==429508==    by 0x5C3FFD8: ??? (in /usr/lib64/libcrypto.so.1.1.1k)
==429508== 
==429508== 132,840 bytes in 1,845 blocks are indirectly lost in loss record 83 of 104
==429508==    at 0x4C37135: malloc (vg_replace_malloc.c:381)
==429508==    by 0x5D2C90C: CRYPTO_zalloc (in /usr/lib64/libcrypto.so.1.1.1k)
==429508==    by 0x5D15DBA: EVP_PKEY_new (in /usr/lib64/libcrypto.so.1.1.1k)
==429508==    by 0x5DAD82E: ??? (in /usr/lib64/libcrypto.so.1.1.1k)
==429508==    by 0x5DAD98C: ??? (in /usr/lib64/libcrypto.so.1.1.1k)
==429508==    by 0x5C3F813: ??? (in /usr/lib64/libcrypto.so.1.1.1k)
==429508==    by 0x5C3FD40: ??? (in /usr/lib64/libcrypto.so.1.1.1k)
==429508==    by 0x5C3FFD8: ??? (in /usr/lib64/libcrypto.so.1.1.1k)
==429508==    by 0x5C3F651: ??? (in /usr/lib64/libcrypto.so.1.1.1k)
==429508==    by 0x5C3FD40: ??? (in /usr/lib64/libcrypto.so.1.1.1k)
==429508==    by 0x5C3FFD8: ??? (in /usr/lib64/libcrypto.so.1.1.1k)
==429508==    by 0x5C3F651: ??? (in /usr/lib64/libcrypto.so.1.1.1k)
==429508== 
==429508== 132,840 bytes in 5,535 blocks are indirectly lost in loss record 84 of 104
==429508==    at 0x4C37135: malloc (vg_replace_malloc.c:381)
==429508==    by 0x5D2C90C: CRYPTO_zalloc (in /usr/lib64/libcrypto.so.1.1.1k)
==429508==    by 0x5C37030: ASN1_STRING_type_new (in /usr/lib64/libcrypto.so.1.1.1k)
==429508==    by 0x5C417A1: ??? (in /usr/lib64/libcrypto.so.1.1.1k)
==429508==    by 0x5C41A7C: ??? (in /usr/lib64/libcrypto.so.1.1.1k)
==429508==    by 0x5C419C7: ??? (in /usr/lib64/libcrypto.so.1.1.1k)
==429508==    by 0x5C41C0B: ??? (in /usr/lib64/libcrypto.so.1.1.1k)
==429508==    by 0x5C419C7: ??? (in /usr/lib64/libcrypto.so.1.1.1k)
==429508==    by 0x5C41C0B: ??? (in /usr/lib64/libcrypto.so.1.1.1k)
==429508==    by 0x5C419C7: ??? (in /usr/lib64/libcrypto.so.1.1.1k)
==429508==    by 0x5C41C0B: ??? (in /usr/lib64/libcrypto.so.1.1.1k)
==429508==    by 0x5C3F55A: ??? (in /usr/lib64/libcrypto.so.1.1.1k)
==429508== 
==429508== 147,600 bytes in 3,690 blocks are indirectly lost in loss record 85 of 104
==429508==    at 0x4C37135: malloc (vg_replace_malloc.c:381)
==429508==    by 0x5D2C90C: CRYPTO_zalloc (in /usr/lib64/libcrypto.so.1.1.1k)
==429508==    by 0x5DACBD2: ??? (in /usr/lib64/libcrypto.so.1.1.1k)
==429508==    by 0x5DAD442: ??? (in /usr/lib64/libcrypto.so.1.1.1k)
==429508==    by 0x5C3F2EF: ??? (in /usr/lib64/libcrypto.so.1.1.1k)
==429508==    by 0x5C3FD40: ??? (in /usr/lib64/libcrypto.so.1.1.1k)
==429508==    by 0x5C3FFD8: ??? (in /usr/lib64/libcrypto.so.1.1.1k)
==429508==    by 0x5C3F651: ??? (in /usr/lib64/libcrypto.so.1.1.1k)
==429508==    by 0x5C3FD40: ??? (in /usr/lib64/libcrypto.so.1.1.1k)
==429508==    by 0x5C3FFD8: ??? (in /usr/lib64/libcrypto.so.1.1.1k)
==429508==    by 0x5C3F651: ??? (in /usr/lib64/libcrypto.so.1.1.1k)
==429508==    by 0x5C400E0: ASN1_item_ex_d2i (in /usr/lib64/libcrypto.so.1.1.1k)
==429508== 
==429508== 191,360 bytes in 1,840 blocks are indirectly lost in loss record 86 of 104
==429508==    at 0x4C37135: malloc (vg_replace_malloc.c:381)
==429508==    by 0x5C6022A: BN_MONT_CTX_new (in /usr/lib64/libcrypto.so.1.1.1k)
==429508==    by 0x5C60684: BN_MONT_CTX_set_locked (in /usr/lib64/libcrypto.so.1.1.1k)
==429508==    by 0x5D617D5: ??? (in /usr/lib64/libcrypto.so.1.1.1k)
==429508==    by 0x5D644BF: ??? (in /usr/lib64/libcrypto.so.1.1.1k)
==429508==    by 0x5D14A79: EVP_DigestVerifyFinal (in /usr/lib64/libcrypto.so.1.1.1k)
==429508==    by 0x5963389: ??? (in /usr/lib64/libssl.so.1.1.1k)
==429508==    by 0x5963E94: ??? (in /usr/lib64/libssl.so.1.1.1k)
==429508==    by 0x595D522: ??? (in /usr/lib64/libssl.so.1.1.1k)
==429508==    by 0x5948C97: SSL_do_handshake (in /usr/lib64/libssl.so.1.1.1k)
==429508==    by 0x43F9E4: ngx_ssl_handshake (ngx_event_openssl.c:1619)
==429508==    by 0x43FEC4: ngx_ssl_handshake_handler (ngx_event_openssl.c:1899)
==429508== 
==429508== 221,400 bytes in 5,535 blocks are indirectly lost in loss record 87 of 104
==429508==    at 0x4C37135: malloc (vg_replace_malloc.c:381)
==429508==    by 0x5D2C90C: CRYPTO_zalloc (in /usr/lib64/libcrypto.so.1.1.1k)
==429508==    by 0x5C41AA8: ??? (in /usr/lib64/libcrypto.so.1.1.1k)
==429508==    by 0x5C3F55A: ??? (in /usr/lib64/libcrypto.so.1.1.1k)
==429508==    by 0x5C3FC02: ??? (in /usr/lib64/libcrypto.so.1.1.1k)
==429508==    by 0x5C3FF44: ??? (in /usr/lib64/libcrypto.so.1.1.1k)
==429508==    by 0x5C3F651: ??? (in /usr/lib64/libcrypto.so.1.1.1k)
==429508==    by 0x5C3FD40: ??? (in /usr/lib64/libcrypto.so.1.1.1k)
==429508==    by 0x5C3FFD8: ??? (in /usr/lib64/libcrypto.so.1.1.1k)
==429508==    by 0x5C3F651: ??? (in /usr/lib64/libcrypto.so.1.1.1k)
==429508==    by 0x5C400E0: ASN1_item_ex_d2i (in /usr/lib64/libcrypto.so.1.1.1k)
==429508==    by 0x5C4015E: ASN1_item_d2i (in /usr/lib64/libcrypto.so.1.1.1k)
==429508== 
==429508== 243,540 bytes in 3,690 blocks are indirectly lost in loss record 88 of 104
==429508==    at 0x4C37135: malloc (vg_replace_malloc.c:381)
==429508==    by 0x5DAD08B: ??? (in /usr/lib64/libcrypto.so.1.1.1k)
==429508==    by 0x5DAD568: ??? (in /usr/lib64/libcrypto.so.1.1.1k)
==429508==    by 0x5C3F2EF: ??? (in /usr/lib64/libcrypto.so.1.1.1k)
==429508==    by 0x5C3FD40: ??? (in /usr/lib64/libcrypto.so.1.1.1k)
==429508==    by 0x5C3FFD8: ??? (in /usr/lib64/libcrypto.so.1.1.1k)
==429508==    by 0x5C3F651: ??? (in /usr/lib64/libcrypto.so.1.1.1k)
==429508==    by 0x5C3FD40: ??? (in /usr/lib64/libcrypto.so.1.1.1k)
==429508==    by 0x5C3FFD8: ??? (in /usr/lib64/libcrypto.so.1.1.1k)
==429508==    by 0x5C3F651: ??? (in /usr/lib64/libcrypto.so.1.1.1k)
==429508==    by 0x5C400E0: ASN1_item_ex_d2i (in /usr/lib64/libcrypto.so.1.1.1k)
==429508==    by 0x5C4015E: ASN1_item_d2i (in /usr/lib64/libcrypto.so.1.1.1k)
==429508== 
==429508== 265,656 bytes in 11,069 blocks are indirectly lost in loss record 89 of 104
==429508==    at 0x4C37135: malloc (vg_replace_malloc.c:381)
==429508==    by 0x5D2C90C: CRYPTO_zalloc (in /usr/lib64/libcrypto.so.1.1.1k)
==429508==    by 0x5C41AA8: ??? (in /usr/lib64/libcrypto.so.1.1.1k)
==429508==    by 0x5C3F55A: ??? (in /usr/lib64/libcrypto.so.1.1.1k)
==429508==    by 0x5C3FC02: ??? (in /usr/lib64/libcrypto.so.1.1.1k)
==429508==    by 0x5C3FFD8: ??? (in /usr/lib64/libcrypto.so.1.1.1k)
==429508==    by 0x5C3F186: ??? (in /usr/lib64/libcrypto.so.1.1.1k)
==429508==    by 0x5C3FC02: ??? (in /usr/lib64/libcrypto.so.1.1.1k)
==429508==    by 0x5C3FFD8: ??? (in /usr/lib64/libcrypto.so.1.1.1k)
==429508==    by 0x5C3F186: ??? (in /usr/lib64/libcrypto.so.1.1.1k)
==429508==    by 0x5C400E0: ASN1_item_ex_d2i (in /usr/lib64/libcrypto.so.1.1.1k)
==429508==    by 0x5DAD41F: ??? (in /usr/lib64/libcrypto.so.1.1.1k)
==429508== 
==429508== 265,656 bytes in 11,069 blocks are indirectly lost in loss record 90 of 104
==429508==    at 0x4C37135: malloc (vg_replace_malloc.c:381)
==429508==    by 0x5D2C90C: CRYPTO_zalloc (in /usr/lib64/libcrypto.so.1.1.1k)
==429508==    by 0x5C37030: ASN1_STRING_type_new (in /usr/lib64/libcrypto.so.1.1.1k)
==429508==    by 0x5C417A1: ??? (in /usr/lib64/libcrypto.so.1.1.1k)
==429508==    by 0x5C41A7C: ??? (in /usr/lib64/libcrypto.so.1.1.1k)
==429508==    by 0x5C419C7: ??? (in /usr/lib64/libcrypto.so.1.1.1k)
==429508==    by 0x5C41C0B: ??? (in /usr/lib64/libcrypto.so.1.1.1k)
==429508==    by 0x5C3F55A: ??? (in /usr/lib64/libcrypto.so.1.1.1k)
==429508==    by 0x5C3FC02: ??? (in /usr/lib64/libcrypto.so.1.1.1k)
==429508==    by 0x5C3FFD8: ??? (in /usr/lib64/libcrypto.so.1.1.1k)
==429508==    by 0x5C3F186: ??? (in /usr/lib64/libcrypto.so.1.1.1k)
==429508==    by 0x5C3FC02: ??? (in /usr/lib64/libcrypto.so.1.1.1k)
==429508== 
==429508== 313,280 bytes in 1,780 blocks are indirectly lost in loss record 91 of 104
==429508==    at 0x4C37135: malloc (vg_replace_malloc.c:381)
==429508==    by 0x5962219: ??? (in /usr/lib64/libssl.so.1.1.1k)
==429508==    by 0x5963EC4: ??? (in /usr/lib64/libssl.so.1.1.1k)
==429508==    by 0x595D522: ??? (in /usr/lib64/libssl.so.1.1.1k)
==429508==    by 0x5948C97: SSL_do_handshake (in /usr/lib64/libssl.so.1.1.1k)
==429508==    by 0x43F9E4: ngx_ssl_handshake (ngx_event_openssl.c:1619)
==429508==    by 0x43FEC4: ngx_ssl_handshake_handler (ngx_event_openssl.c:1899)
==429508==    by 0x43BCEB: ngx_epoll_process_events (ngx_epoll_module.c:903)
==429508==    by 0x4329AF: ngx_process_events_and_timers (ngx_event.c:247)
==429508==    by 0x43B109: ngx_single_process_cycle (ngx_process_cycle.c:316)
==429508==    by 0x4145EE: main (nginx.c:379)
==429508== 
==429508== 324,720 bytes in 1,845 blocks are indirectly lost in loss record 92 of 104
==429508==    at 0x4C37135: malloc (vg_replace_malloc.c:381)
==429508==    by 0x5D2C90C: CRYPTO_zalloc (in /usr/lib64/libcrypto.so.1.1.1k)
==429508==    by 0x5D5ED42: RSA_new_method (in /usr/lib64/libcrypto.so.1.1.1k)
==429508==    by 0x5D5C414: ??? (in /usr/lib64/libcrypto.so.1.1.1k)
==429508==    by 0x5C41B7C: ??? (in /usr/lib64/libcrypto.so.1.1.1k)
==429508==    by 0x5C3F55A: ??? (in /usr/lib64/libcrypto.so.1.1.1k)
==429508==    by 0x5C400E0: ASN1_item_ex_d2i (in /usr/lib64/libcrypto.so.1.1.1k)
==429508==    by 0x5C4015E: ASN1_item_d2i (in /usr/lib64/libcrypto.so.1.1.1k)
==429508==    by 0x5D5B21E: ??? (in /usr/lib64/libcrypto.so.1.1.1k)
==429508==    by 0x5DAD86D: ??? (in /usr/lib64/libcrypto.so.1.1.1k)
==429508==    by 0x5DAD98C: ??? (in /usr/lib64/libcrypto.so.1.1.1k)
==429508==    by 0x5C3F813: ??? (in /usr/lib64/libcrypto.so.1.1.1k)
==429508== 
==429508== 339,480 bytes in 3,690 blocks are indirectly lost in loss record 93 of 104
==429508==    at 0x4C37135: malloc (vg_replace_malloc.c:381)
==429508==    by 0x5C7055F: BUF_MEM_grow (in /usr/lib64/libcrypto.so.1.1.1k)
==429508==    by 0x5DAD4C5: ??? (in /usr/lib64/libcrypto.so.1.1.1k)
==429508==    by 0x5C3F2EF: ??? (in /usr/lib64/libcrypto.so.1.1.1k)
==429508==    by 0x5C3FD40: ??? (in /usr/lib64/libcrypto.so.1.1.1k)
==429508==    by 0x5C3FFD8: ??? (in /usr/lib64/libcrypto.so.1.1.1k)
==429508==    by 0x5C3F651: ??? (in /usr/lib64/libcrypto.so.1.1.1k)
==429508==    by 0x5C3FD40: ??? (in /usr/lib64/libcrypto.so.1.1.1k)
==429508==    by 0x5C3FFD8: ??? (in /usr/lib64/libcrypto.so.1.1.1k)
==429508==    by 0x5C3F651: ??? (in /usr/lib64/libcrypto.so.1.1.1k)
==429508==    by 0x5C400E0: ASN1_item_ex_d2i (in /usr/lib64/libcrypto.so.1.1.1k)
==429508==    by 0x5C4015E: ASN1_item_d2i (in /usr/lib64/libcrypto.so.1.1.1k)
==429508== 
==429508== 472,064 bytes in 1,844 blocks are indirectly lost in loss record 94 of 104
==429508==    at 0x4C37135: malloc (vg_replace_malloc.c:381)
==429508==    by 0x5D2C90C: CRYPTO_zalloc (in /usr/lib64/libcrypto.so.1.1.1k)
==429508==    by 0x5C5EC18: ??? (in /usr/lib64/libcrypto.so.1.1.1k)
==429508==    by 0x5C5EE05: BN_copy (in /usr/lib64/libcrypto.so.1.1.1k)
==429508==    by 0x5C60361: BN_MONT_CTX_set (in /usr/lib64/libcrypto.so.1.1.1k)
==429508==    by 0x5C6069A: BN_MONT_CTX_set_locked (in /usr/lib64/libcrypto.so.1.1.1k)
==429508==    by 0x5D617D5: ??? (in /usr/lib64/libcrypto.so.1.1.1k)
==429508==    by 0x5D644BF: ??? (in /usr/lib64/libcrypto.so.1.1.1k)
==429508==    by 0x5D14A79: EVP_DigestVerifyFinal (in /usr/lib64/libcrypto.so.1.1.1k)
==429508==    by 0x5963389: ??? (in /usr/lib64/libssl.so.1.1.1k)
==429508==    by 0x5963E94: ??? (in /usr/lib64/libssl.so.1.1.1k)
==429508==    by 0x595D522: ??? (in /usr/lib64/libssl.so.1.1.1k)
==429508== 
==429508== 472,320 bytes in 1,845 blocks are indirectly lost in loss record 95 of 104
==429508==    at 0x4C37135: malloc (vg_replace_malloc.c:381)
==429508==    by 0x5C2D59B: ??? (in /usr/lib64/libcrypto.so.1.1.1k)
==429508==    by 0x5C3EBE0: ??? (in /usr/lib64/libcrypto.so.1.1.1k)
==429508==    by 0x5C3F858: ??? (in /usr/lib64/libcrypto.so.1.1.1k)
==429508==    by 0x5C3FD40: ??? (in /usr/lib64/libcrypto.so.1.1.1k)
==429508==    by 0x5C3FFD8: ??? (in /usr/lib64/libcrypto.so.1.1.1k)
==429508==    by 0x5C3F651: ??? (in /usr/lib64/libcrypto.so.1.1.1k)
==429508==    by 0x5C400E0: ASN1_item_ex_d2i (in /usr/lib64/libcrypto.so.1.1.1k)
==429508==    by 0x5C4015E: ASN1_item_d2i (in /usr/lib64/libcrypto.so.1.1.1k)
==429508==    by 0x59614FB: ??? (in /usr/lib64/libssl.so.1.1.1k)
==429508==    by 0x5963E74: ??? (in /usr/lib64/libssl.so.1.1.1k)
==429508==    by 0x595D522: ??? (in /usr/lib64/libssl.so.1.1.1k)
==429508== 
==429508== 487,080 bytes in 3,690 blocks are indirectly lost in loss record 96 of 104
==429508==    at 0x4C37135: malloc (vg_replace_malloc.c:381)
==429508==    by 0x5D2C90C: CRYPTO_zalloc (in /usr/lib64/libcrypto.so.1.1.1k)
==429508==    by 0x5C5EC18: ??? (in /usr/lib64/libcrypto.so.1.1.1k)
==429508==    by 0x5C5F024: BN_bin2bn (in /usr/lib64/libcrypto.so.1.1.1k)
==429508==    by 0x5C4389C: ??? (in /usr/lib64/libcrypto.so.1.1.1k)
==429508==    by 0x5C3E8D5: ??? (in /usr/lib64/libcrypto.so.1.1.1k)
==429508==    by 0x5C3F858: ??? (in /usr/lib64/libcrypto.so.1.1.1k)
==429508==    by 0x5C3FD40: ??? (in /usr/lib64/libcrypto.so.1.1.1k)
==429508==    by 0x5C3FFD8: ??? (in /usr/lib64/libcrypto.so.1.1.1k)
==429508==    by 0x5C3F651: ??? (in /usr/lib64/libcrypto.so.1.1.1k)
==429508==    by 0x5C400E0: ASN1_item_ex_d2i (in /usr/lib64/libcrypto.so.1.1.1k)
==429508==    by 0x5C4015E: ASN1_item_d2i (in /usr/lib64/libcrypto.so.1.1.1k)
==429508== 
==429508== 498,150 bytes in 1,845 blocks are indirectly lost in loss record 97 of 104
==429508==    at 0x4C37135: malloc (vg_replace_malloc.c:381)
==429508==    by 0x5C2D59B: ??? (in /usr/lib64/libcrypto.so.1.1.1k)
==429508==    by 0x5C3EBE0: ??? (in /usr/lib64/libcrypto.so.1.1.1k)
==429508==    by 0x5C3F858: ??? (in /usr/lib64/libcrypto.so.1.1.1k)
==429508==    by 0x5C3FD40: ??? (in /usr/lib64/libcrypto.so.1.1.1k)
==429508==    by 0x5C3FFD8: ??? (in /usr/lib64/libcrypto.so.1.1.1k)
==429508==    by 0x5C3F651: ??? (in /usr/lib64/libcrypto.so.1.1.1k)
==429508==    by 0x5C3FD40: ??? (in /usr/lib64/libcrypto.so.1.1.1k)
==429508==    by 0x5C3FFD8: ??? (in /usr/lib64/libcrypto.so.1.1.1k)
==429508==    by 0x5C3F651: ??? (in /usr/lib64/libcrypto.so.1.1.1k)
==429508==    by 0x5C3FD40: ??? (in /usr/lib64/libcrypto.so.1.1.1k)
==429508==    by 0x5C3FFD8: ??? (in /usr/lib64/libcrypto.so.1.1.1k)
==429508== 
==429508== 647,680 bytes in 1,840 blocks are indirectly lost in loss record 98 of 104
==429508==    at 0x4C37135: malloc (vg_replace_malloc.c:381)
==429508==    by 0x5D2C90C: CRYPTO_zalloc (in /usr/lib64/libcrypto.so.1.1.1k)
==429508==    by 0x5C41AA8: ??? (in /usr/lib64/libcrypto.so.1.1.1k)
==429508==    by 0x5C3F55A: ??? (in /usr/lib64/libcrypto.so.1.1.1k)
==429508==    by 0x5C400E0: ASN1_item_ex_d2i (in /usr/lib64/libcrypto.so.1.1.1k)
==429508==    by 0x5C4015E: ASN1_item_d2i (in /usr/lib64/libcrypto.so.1.1.1k)
==429508==    by 0x59614FB: ??? (in /usr/lib64/libssl.so.1.1.1k)
==429508==    by 0x5963E74: ??? (in /usr/lib64/libssl.so.1.1.1k)
==429508==    by 0x595D522: ??? (in /usr/lib64/libssl.so.1.1.1k)
==429508==    by 0x5948C97: SSL_do_handshake (in /usr/lib64/libssl.so.1.1.1k)
==429508==    by 0x43F9E4: ngx_ssl_handshake (ngx_event_openssl.c:1619)
==429508==    by 0x43FEC4: ngx_ssl_handshake_handler (ngx_event_openssl.c:1899)
==429508== 
==429508== 958,360 bytes in 1,843 blocks are indirectly lost in loss record 99 of 104
==429508==    at 0x4C37135: malloc (vg_replace_malloc.c:381)
==429508==    by 0x5D2C90C: CRYPTO_zalloc (in /usr/lib64/libcrypto.so.1.1.1k)
==429508==    by 0x5C5EC18: ??? (in /usr/lib64/libcrypto.so.1.1.1k)
==429508==    by 0x5C5EF2E: BN_set_bit (in /usr/lib64/libcrypto.so.1.1.1k)
==429508==    by 0x5C604D0: BN_MONT_CTX_set (in /usr/lib64/libcrypto.so.1.1.1k)
==429508==    by 0x5C6069A: BN_MONT_CTX_set_locked (in /usr/lib64/libcrypto.so.1.1.1k)
==429508==    by 0x5D617D5: ??? (in /usr/lib64/libcrypto.so.1.1.1k)
==429508==    by 0x5D644BF: ??? (in /usr/lib64/libcrypto.so.1.1.1k)
==429508==    by 0x5D14A79: EVP_DigestVerifyFinal (in /usr/lib64/libcrypto.so.1.1.1k)
==429508==    by 0x5963389: ??? (in /usr/lib64/libssl.so.1.1.1k)
==429508==    by 0x5963E94: ??? (in /usr/lib64/libssl.so.1.1.1k)
==429508==    by 0x595D522: ??? (in /usr/lib64/libssl.so.1.1.1k)
==429508== 
==429508== 960,000 bytes in 1 blocks are possibly lost in loss record 100 of 104
==429508==    at 0x4C37135: malloc (vg_replace_malloc.c:381)
==429508==    by 0x435D2B: ngx_alloc (ngx_alloc.c:22)
==429508==    by 0x431FC6: ngx_event_process_init (ngx_event.c:739)
==429508==    by 0x43B081: ngx_single_process_cycle (ngx_process_cycle.c:306)
==429508==    by 0x4145EE: main (nginx.c:379)
==429508== 
==429508== 960,000 bytes in 1 blocks are possibly lost in loss record 101 of 104
==429508==    at 0x4C37135: malloc (vg_replace_malloc.c:381)
==429508==    by 0x435D2B: ngx_alloc (ngx_alloc.c:22)
==429508==    by 0x432014: ngx_event_process_init (ngx_event.c:751)
==429508==    by 0x43B081: ngx_single_process_cycle (ngx_process_cycle.c:306)
==429508==    by 0x4145EE: main (nginx.c:379)
==429508== 
==429508== 1,094,085 bytes in 1,845 blocks are indirectly lost in loss record 102 of 104
==429508==    at 0x4C37135: malloc (vg_replace_malloc.c:381)
==429508==    by 0x5C4329E: ??? (in /usr/lib64/libcrypto.so.1.1.1k)
==429508==    by 0x5C3F9B2: ??? (in /usr/lib64/libcrypto.so.1.1.1k)
==429508==    by 0x5C3FD40: ??? (in /usr/lib64/libcrypto.so.1.1.1k)
==429508==    by 0x5C3FFD8: ??? (in /usr/lib64/libcrypto.so.1.1.1k)
==429508==    by 0x5C3F651: ??? (in /usr/lib64/libcrypto.so.1.1.1k)
==429508==    by 0x5C400E0: ASN1_item_ex_d2i (in /usr/lib64/libcrypto.so.1.1.1k)
==429508==    by 0x5C4015E: ASN1_item_d2i (in /usr/lib64/libcrypto.so.1.1.1k)
==429508==    by 0x59614FB: ??? (in /usr/lib64/libssl.so.1.1.1k)
==429508==    by 0x5963E74: ??? (in /usr/lib64/libssl.so.1.1.1k)
==429508==    by 0x595D522: ??? (in /usr/lib64/libssl.so.1.1.1k)
==429508==    by 0x5948C97: SSL_do_handshake (in /usr/lib64/libssl.so.1.1.1k)
==429508== 
==429508== 2,560,000 bytes in 1 blocks are possibly lost in loss record 103 of 104
==429508==    at 0x4C37135: malloc (vg_replace_malloc.c:381)
==429508==    by 0x435D2B: ngx_alloc (ngx_alloc.c:22)
==429508==    by 0x431F9B: ngx_event_process_init (ngx_event.c:732)
==429508==    by 0x43B081: ngx_single_process_cycle (ngx_process_cycle.c:306)
==429508==    by 0x4145EE: main (nginx.c:379)
==429508== 
==429508== 10,239,240 (1,181,440 direct, 9,057,800 indirect) bytes in 1,846 blocks are definitely lost in loss record 104 of 104
==429508==    at 0x4C37135: malloc (vg_replace_malloc.c:381)
==429508==    by 0x5D2C90C: CRYPTO_zalloc (in /usr/lib64/libcrypto.so.1.1.1k)
==429508==    by 0x594F5AC: SSL_SESSION_new (in /usr/lib64/libssl.so.1.1.1k)
==429508==    by 0x594FE06: ??? (in /usr/lib64/libssl.so.1.1.1k)
==429508==    by 0x595E121: ??? (in /usr/lib64/libssl.so.1.1.1k)
==429508==    by 0x595D33E: ??? (in /usr/lib64/libssl.so.1.1.1k)
==429508==    by 0x5948C97: SSL_do_handshake (in /usr/lib64/libssl.so.1.1.1k)
==429508==    by 0x43F9E4: ngx_ssl_handshake (ngx_event_openssl.c:1619)
==429508==    by 0x4632E3: ngx_http_upstream_ssl_init_connection (ngx_http_upstream.c:1715)
==429508==    by 0x464CF5: ngx_http_upstream_send_request_handler (ngx_http_upstream.c:2250)
==429508==    by 0x45FD76: ngx_http_upstream_handler (ngx_http_upstream.c:1287)
==429508==    by 0x43BD4D: ngx_epoll_process_events (ngx_epoll_module.c:932)
==429508== 
==429508== LEAK SUMMARY:
==429508==    definitely lost: 1,181,448 bytes in 1,847 blocks
==429508==    indirectly lost: 9,057,800 bytes in 140,215 blocks
==429508==      possibly lost: 4,485,992 bytes in 81 blocks
==429508==    still reachable: 16,914 bytes in 145 blocks
==429508==         suppressed: 0 bytes in 0 blocks
==429508== 
==429508== For lists of detected and suppressed errors, rerun with: -s
==429508== ERROR SUMMARY: 45 errors from 45 contexts (suppressed: 0 from 0)
